{"/Users/macbookairm1/Documents/github/strajk-bowling/src/components/BookingInfo/BookingInfo.jsx": {"path":"/Users/macbookairm1/Documents/github/strajk-bowling/src/components/BookingInfo/BookingInfo.jsx","all":false,"statementMap":{"0":{"start":{"line":1,"column":0},"end":{"line":1,"column":28}},"2":{"start":{"line":3,"column":0},"end":{"line":3,"column":35}},"4":{"start":{"line":5,"column":0},"end":{"line":5,"column":48}},"5":{"start":{"line":6,"column":0},"end":{"line":6,"column":10}},"6":{"start":{"line":7,"column":0},"end":{"line":7,"column":38}},"7":{"start":{"line":8,"column":0},"end":{"line":8,"column":14}},"8":{"start":{"line":9,"column":0},"end":{"line":9,"column":67}},"9":{"start":{"line":10,"column":0},"end":{"line":10,"column":15}},"10":{"start":{"line":11,"column":0},"end":{"line":11,"column":46}},"11":{"start":{"line":12,"column":0},"end":{"line":12,"column":48}},"12":{"start":{"line":13,"column":0},"end":{"line":13,"column":16}},"13":{"start":{"line":14,"column":0},"end":{"line":14,"column":24}},"14":{"start":{"line":15,"column":0},"end":{"line":15,"column":23}},"15":{"start":{"line":16,"column":0},"end":{"line":16,"column":44}},"16":{"start":{"line":17,"column":0},"end":{"line":17,"column":23}},"17":{"start":{"line":18,"column":0},"end":{"line":18,"column":47}},"18":{"start":{"line":19,"column":0},"end":{"line":19,"column":12}},"19":{"start":{"line":20,"column":0},"end":{"line":20,"column":16}},"20":{"start":{"line":21,"column":0},"end":{"line":21,"column":24}},"21":{"start":{"line":22,"column":0},"end":{"line":22,"column":23}},"22":{"start":{"line":23,"column":0},"end":{"line":23,"column":23}},"23":{"start":{"line":24,"column":0},"end":{"line":24,"column":47}},"24":{"start":{"line":25,"column":0},"end":{"line":25,"column":12}},"25":{"start":{"line":26,"column":0},"end":{"line":26,"column":18}},"26":{"start":{"line":27,"column":0},"end":{"line":27,"column":14}},"27":{"start":{"line":28,"column":0},"end":{"line":28,"column":43}},"28":{"start":{"line":29,"column":0},"end":{"line":29,"column":23}},"29":{"start":{"line":30,"column":0},"end":{"line":30,"column":41}},"30":{"start":{"line":31,"column":0},"end":{"line":31,"column":23}},"31":{"start":{"line":32,"column":0},"end":{"line":32,"column":45}},"32":{"start":{"line":33,"column":0},"end":{"line":33,"column":23}},"33":{"start":{"line":34,"column":0},"end":{"line":34,"column":10}},"34":{"start":{"line":35,"column":0},"end":{"line":35,"column":14}},"35":{"start":{"line":36,"column":0},"end":{"line":36,"column":33}},"36":{"start":{"line":37,"column":0},"end":{"line":37,"column":23}},"37":{"start":{"line":38,"column":0},"end":{"line":38,"column":43}},"38":{"start":{"line":39,"column":0},"end":{"line":39,"column":22}},"39":{"start":{"line":40,"column":0},"end":{"line":40,"column":45}},"40":{"start":{"line":41,"column":0},"end":{"line":41,"column":23}},"41":{"start":{"line":42,"column":0},"end":{"line":42,"column":10}},"42":{"start":{"line":43,"column":0},"end":{"line":43,"column":13}},"43":{"start":{"line":44,"column":0},"end":{"line":44,"column":14}},"45":{"start":{"line":46,"column":0},"end":{"line":46,"column":1}},"47":{"start":{"line":48,"column":0},"end":{"line":48,"column":27}}},"s":{"0":1,"2":1,"4":35,"5":35,"6":35,"7":35,"8":35,"9":35,"10":35,"11":35,"12":35,"13":35,"14":35,"15":35,"16":35,"17":35,"18":35,"19":35,"20":35,"21":35,"22":35,"23":35,"24":35,"25":35,"26":35,"27":35,"28":35,"29":35,"30":35,"31":35,"32":35,"33":35,"34":35,"35":35,"36":35,"37":35,"38":35,"39":35,"40":35,"41":35,"42":35,"43":35,"45":35,"47":1},"branchMap":{"0":{"type":"branch","line":5,"loc":{"start":{"line":5,"column":0},"end":{"line":46,"column":1}},"locations":[{"start":{"line":5,"column":0},"end":{"line":46,"column":1}}]}},"b":{"0":[35]},"fnMap":{"0":{"name":"BookingInfo","decl":{"start":{"line":5,"column":0},"end":{"line":46,"column":1}},"loc":{"start":{"line":5,"column":0},"end":{"line":46,"column":1}},"line":5}},"f":{"0":35}}
,"/Users/macbookairm1/Documents/github/strajk-bowling/src/components/ErrorMessage/ErrorMessage.jsx": {"path":"/Users/macbookairm1/Documents/github/strajk-bowling/src/components/ErrorMessage/ErrorMessage.jsx","all":false,"statementMap":{"0":{"start":{"line":1,"column":0},"end":{"line":1,"column":29}},"2":{"start":{"line":3,"column":0},"end":{"line":3,"column":36}},"3":{"start":{"line":4,"column":0},"end":{"line":4,"column":10}},"4":{"start":{"line":5,"column":0},"end":{"line":5,"column":39}},"5":{"start":{"line":6,"column":0},"end":{"line":6,"column":54}},"6":{"start":{"line":7,"column":0},"end":{"line":7,"column":14}},"8":{"start":{"line":9,"column":0},"end":{"line":9,"column":1}},"10":{"start":{"line":11,"column":0},"end":{"line":11,"column":28}}},"s":{"0":1,"2":3,"3":3,"4":3,"5":3,"6":3,"8":3,"10":1},"branchMap":{"0":{"type":"branch","line":3,"loc":{"start":{"line":3,"column":0},"end":{"line":9,"column":1}},"locations":[{"start":{"line":3,"column":0},"end":{"line":9,"column":1}}]}},"b":{"0":[3]},"fnMap":{"0":{"name":"ErrorMessage","decl":{"start":{"line":3,"column":0},"end":{"line":9,"column":1}},"loc":{"start":{"line":3,"column":0},"end":{"line":9,"column":1}},"line":3}},"f":{"0":3}}
,"/Users/macbookairm1/Documents/github/strajk-bowling/src/components/Input/Input.jsx": {"path":"/Users/macbookairm1/Documents/github/strajk-bowling/src/components/Input/Input.jsx","all":false,"statementMap":{"0":{"start":{"line":1,"column":0},"end":{"line":1,"column":22}},"3":{"start":{"line":4,"column":0},"end":{"line":4,"column":16}},"4":{"start":{"line":5,"column":0},"end":{"line":5,"column":7}},"5":{"start":{"line":6,"column":0},"end":{"line":6,"column":6}},"6":{"start":{"line":7,"column":0},"end":{"line":7,"column":13}},"7":{"start":{"line":8,"column":0},"end":{"line":8,"column":6}},"8":{"start":{"line":9,"column":0},"end":{"line":9,"column":14}},"9":{"start":{"line":10,"column":0},"end":{"line":10,"column":14}},"10":{"start":{"line":11,"column":0},"end":{"line":11,"column":10}},"11":{"start":{"line":12,"column":0},"end":{"line":12,"column":11}},"12":{"start":{"line":13,"column":0},"end":{"line":13,"column":4}},"13":{"start":{"line":14,"column":0},"end":{"line":14,"column":9}},"14":{"start":{"line":15,"column":0},"end":{"line":15,"column":30}},"15":{"start":{"line":16,"column":0},"end":{"line":16,"column":67}},"16":{"start":{"line":17,"column":0},"end":{"line":17,"column":6}},"17":{"start":{"line":18,"column":0},"end":{"line":18,"column":37}},"18":{"start":{"line":19,"column":0},"end":{"line":19,"column":13}},"19":{"start":{"line":20,"column":0},"end":{"line":20,"column":62}},"20":{"start":{"line":21,"column":0},"end":{"line":21,"column":13}},"21":{"start":{"line":22,"column":0},"end":{"line":22,"column":25}},"22":{"start":{"line":23,"column":0},"end":{"line":23,"column":49}},"23":{"start":{"line":24,"column":0},"end":{"line":24,"column":23}},"24":{"start":{"line":25,"column":0},"end":{"line":25,"column":21}},"25":{"start":{"line":26,"column":0},"end":{"line":26,"column":2}},"26":{"start":{"line":27,"column":0},"end":{"line":27,"column":13}},"28":{"start":{"line":29,"column":0},"end":{"line":29,"column":1}},"31":{"start":{"line":32,"column":0},"end":{"line":32,"column":21}}},"s":{"0":1,"3":206,"4":206,"5":206,"6":206,"7":206,"8":206,"9":206,"10":206,"11":206,"12":206,"13":206,"14":206,"15":206,"16":206,"17":206,"18":206,"19":206,"20":206,"21":206,"22":206,"23":206,"24":206,"25":206,"26":206,"28":206,"31":1},"branchMap":{"0":{"type":"branch","line":4,"loc":{"start":{"line":4,"column":0},"end":{"line":29,"column":1}},"locations":[{"start":{"line":4,"column":0},"end":{"line":29,"column":1}}]},"1":{"type":"branch","line":20,"loc":{"start":{"line":20,"column":29},"end":{"line":20,"column":57}},"locations":[{"start":{"line":20,"column":29},"end":{"line":20,"column":57}}]},"2":{"type":"branch","line":20,"loc":{"start":{"line":20,"column":43},"end":{"line":20,"column":59}},"locations":[{"start":{"line":20,"column":43},"end":{"line":20,"column":59}}]},"3":{"type":"branch","line":23,"loc":{"start":{"line":23,"column":16},"end":{"line":23,"column":46}},"locations":[{"start":{"line":23,"column":16},"end":{"line":23,"column":46}}]},"4":{"type":"branch","line":23,"loc":{"start":{"line":23,"column":31},"end":{"line":23,"column":49}},"locations":[{"start":{"line":23,"column":31},"end":{"line":23,"column":49}}]}},"b":{"0":[206],"1":[171],"2":[35],"3":[8],"4":[198]},"fnMap":{"0":{"name":"Input","decl":{"start":{"line":4,"column":0},"end":{"line":29,"column":1}},"loc":{"start":{"line":4,"column":0},"end":{"line":29,"column":1}},"line":4}},"f":{"0":206}}
,"/Users/macbookairm1/Documents/github/strajk-bowling/src/components/Navigation/Navigation.jsx": {"path":"/Users/macbookairm1/Documents/github/strajk-bowling/src/components/Navigation/Navigation.jsx","all":false,"statementMap":{"0":{"start":{"line":1,"column":0},"end":{"line":1,"column":27}},"1":{"start":{"line":2,"column":0},"end":{"line":2,"column":47}},"2":{"start":{"line":3,"column":0},"end":{"line":3,"column":47}},"3":{"start":{"line":4,"column":0},"end":{"line":4,"column":33}},"5":{"start":{"line":6,"column":0},"end":{"line":6,"column":23}},"6":{"start":{"line":7,"column":0},"end":{"line":7,"column":35}},"7":{"start":{"line":8,"column":0},"end":{"line":8,"column":52}},"9":{"start":{"line":10,"column":0},"end":{"line":10,"column":12}},"10":{"start":{"line":11,"column":0},"end":{"line":11,"column":73}},"11":{"start":{"line":12,"column":0},"end":{"line":12,"column":61}},"12":{"start":{"line":13,"column":0},"end":{"line":13,"column":58}},"13":{"start":{"line":14,"column":0},"end":{"line":14,"column":85}},"14":{"start":{"line":15,"column":0},"end":{"line":15,"column":58}},"15":{"start":{"line":16,"column":0},"end":{"line":16,"column":85}},"16":{"start":{"line":17,"column":0},"end":{"line":17,"column":75}},"17":{"start":{"line":18,"column":0},"end":{"line":18,"column":14}},"19":{"start":{"line":20,"column":0},"end":{"line":20,"column":1}},"21":{"start":{"line":22,"column":0},"end":{"line":22,"column":26}}},"s":{"0":1,"1":1,"2":1,"3":1,"5":45,"6":45,"7":45,"9":45,"10":45,"11":45,"12":45,"13":45,"14":45,"15":45,"16":45,"17":45,"19":45,"21":1},"branchMap":{"0":{"type":"branch","line":6,"loc":{"start":{"line":6,"column":0},"end":{"line":20,"column":1}},"locations":[{"start":{"line":6,"column":0},"end":{"line":20,"column":1}}]},"1":{"type":"branch","line":11,"loc":{"start":{"line":11,"column":40},"end":{"line":11,"column":65}},"locations":[{"start":{"line":11,"column":40},"end":{"line":11,"column":65}}]},"2":{"type":"branch","line":11,"loc":{"start":{"line":11,"column":51},"end":{"line":11,"column":68}},"locations":[{"start":{"line":11,"column":51},"end":{"line":11,"column":68}}]},"3":{"type":"branch","line":14,"loc":{"start":{"line":14,"column":57},"end":{"line":14,"column":73}},"locations":[{"start":{"line":14,"column":57},"end":{"line":14,"column":73}}]},"4":{"type":"branch","line":14,"loc":{"start":{"line":14,"column":68},"end":{"line":14,"column":80}},"locations":[{"start":{"line":14,"column":68},"end":{"line":14,"column":80}}]},"5":{"type":"branch","line":16,"loc":{"start":{"line":16,"column":57},"end":{"line":16,"column":73}},"locations":[{"start":{"line":16,"column":57},"end":{"line":16,"column":73}}]},"6":{"type":"branch","line":16,"loc":{"start":{"line":16,"column":68},"end":{"line":16,"column":80}},"locations":[{"start":{"line":16,"column":68},"end":{"line":16,"column":80}}]},"7":{"type":"branch","line":13,"loc":{"start":{"line":13,"column":22},"end":{"line":13,"column":56}},"locations":[{"start":{"line":13,"column":22},"end":{"line":13,"column":56}}]},"8":{"type":"branch","line":15,"loc":{"start":{"line":15,"column":22},"end":{"line":15,"column":47}},"locations":[{"start":{"line":15,"column":22},"end":{"line":15,"column":47}}]},"9":{"type":"branch","line":17,"loc":{"start":{"line":17,"column":22},"end":{"line":17,"column":59}},"locations":[{"start":{"line":17,"column":22},"end":{"line":17,"column":59}}]}},"b":{"0":[45],"1":[3],"2":[42],"3":[3],"4":[42],"5":[3],"6":[42],"7":[3],"8":[1],"9":[1]},"fnMap":{"0":{"name":"Navigation","decl":{"start":{"line":6,"column":0},"end":{"line":20,"column":1}},"loc":{"start":{"line":6,"column":0},"end":{"line":20,"column":1}},"line":6},"1":{"name":"onClick","decl":{"start":{"line":13,"column":22},"end":{"line":13,"column":56}},"loc":{"start":{"line":13,"column":22},"end":{"line":13,"column":56}},"line":13},"2":{"name":"onClick","decl":{"start":{"line":15,"column":22},"end":{"line":15,"column":47}},"loc":{"start":{"line":15,"column":22},"end":{"line":15,"column":47}},"line":15},"3":{"name":"onClick","decl":{"start":{"line":17,"column":22},"end":{"line":17,"column":59}},"loc":{"start":{"line":17,"column":22},"end":{"line":17,"column":59}},"line":17}},"f":{"0":45,"1":3,"2":1,"3":1}}
,"/Users/macbookairm1/Documents/github/strajk-bowling/src/components/Shoes/Shoes.jsx": {"path":"/Users/macbookairm1/Documents/github/strajk-bowling/src/components/Shoes/Shoes.jsx","all":false,"statementMap":{"0":{"start":{"line":1,"column":0},"end":{"line":1,"column":22}},"1":{"start":{"line":2,"column":0},"end":{"line":2,"column":32}},"4":{"start":{"line":5,"column":0},"end":{"line":5,"column":35}},"7":{"start":{"line":8,"column":0},"end":{"line":8,"column":60}},"8":{"start":{"line":9,"column":0},"end":{"line":9,"column":48}},"9":{"start":{"line":10,"column":0},"end":{"line":10,"column":51}},"10":{"start":{"line":11,"column":0},"end":{"line":11,"column":22}},"11":{"start":{"line":12,"column":0},"end":{"line":12,"column":53}},"12":{"start":{"line":13,"column":0},"end":{"line":13,"column":13}},"13":{"start":{"line":14,"column":0},"end":{"line":14,"column":22}},"14":{"start":{"line":15,"column":0},"end":{"line":15,"column":20}},"15":{"start":{"line":16,"column":0},"end":{"line":16,"column":35}},"16":{"start":{"line":17,"column":0},"end":{"line":17,"column":24}},"17":{"start":{"line":18,"column":0},"end":{"line":18,"column":34}},"18":{"start":{"line":19,"column":0},"end":{"line":19,"column":22}},"19":{"start":{"line":20,"column":0},"end":{"line":20,"column":9}},"20":{"start":{"line":21,"column":0},"end":{"line":21,"column":14}},"21":{"start":{"line":22,"column":0},"end":{"line":22,"column":55}},"22":{"start":{"line":23,"column":0},"end":{"line":23,"column":25}},"23":{"start":{"line":24,"column":0},"end":{"line":24,"column":32}},"24":{"start":{"line":25,"column":0},"end":{"line":25,"column":11}},"25":{"start":{"line":26,"column":0},"end":{"line":26,"column":8}},"27":{"start":{"line":28,"column":0},"end":{"line":28,"column":16}},"28":{"start":{"line":29,"column":0},"end":{"line":29,"column":15}},"32":{"start":{"line":33,"column":0},"end":{"line":33,"column":20}},"33":{"start":{"line":34,"column":0},"end":{"line":34,"column":4}},"36":{"start":{"line":37,"column":0},"end":{"line":37,"column":9}},"37":{"start":{"line":38,"column":0},"end":{"line":38,"column":30}},"38":{"start":{"line":39,"column":0},"end":{"line":39,"column":13}},"39":{"start":{"line":40,"column":0},"end":{"line":40,"column":48}},"40":{"start":{"line":41,"column":0},"end":{"line":41,"column":14}},"41":{"start":{"line":42,"column":0},"end":{"line":42,"column":16}},"42":{"start":{"line":43,"column":0},"end":{"line":43,"column":12}},"43":{"start":{"line":44,"column":0},"end":{"line":44,"column":32}},"44":{"start":{"line":45,"column":0},"end":{"line":45,"column":23}},"45":{"start":{"line":46,"column":0},"end":{"line":46,"column":27}},"46":{"start":{"line":47,"column":0},"end":{"line":47,"column":9}},"47":{"start":{"line":48,"column":0},"end":{"line":48,"column":6}},"49":{"start":{"line":50,"column":0},"end":{"line":50,"column":14}},"50":{"start":{"line":51,"column":0},"end":{"line":51,"column":13}},"52":{"start":{"line":53,"column":0},"end":{"line":53,"column":1}},"55":{"start":{"line":56,"column":0},"end":{"line":56,"column":21}}},"s":{"0":1,"1":1,"4":1,"7":40,"8":40,"9":58,"10":58,"11":58,"12":58,"13":58,"14":58,"15":58,"16":58,"17":58,"18":58,"19":58,"20":58,"21":58,"22":58,"23":1,"24":1,"25":58,"27":58,"28":58,"32":58,"33":40,"36":40,"37":40,"38":40,"39":40,"40":40,"41":40,"42":40,"43":40,"44":40,"45":9,"46":9,"47":40,"49":40,"50":40,"52":40,"55":1},"branchMap":{"0":{"type":"branch","line":8,"loc":{"start":{"line":8,"column":0},"end":{"line":53,"column":1}},"locations":[{"start":{"line":8,"column":0},"end":{"line":53,"column":1}}]},"1":{"type":"branch","line":9,"loc":{"start":{"line":9,"column":29},"end":{"line":34,"column":2}},"locations":[{"start":{"line":9,"column":29},"end":{"line":34,"column":2}}]},"2":{"type":"branch","line":23,"loc":{"start":{"line":23,"column":18},"end":{"line":25,"column":11}},"locations":[{"start":{"line":23,"column":18},"end":{"line":25,"column":11}}]},"3":{"type":"branch","line":45,"loc":{"start":{"line":45,"column":16},"end":{"line":47,"column":9}},"locations":[{"start":{"line":45,"column":16},"end":{"line":47,"column":9}}]}},"b":{"0":[40],"1":[58],"2":[1],"3":[9]},"fnMap":{"0":{"name":"Shoes","decl":{"start":{"line":8,"column":0},"end":{"line":53,"column":1}},"loc":{"start":{"line":8,"column":0},"end":{"line":53,"column":1}},"line":8},"1":{"name":"onClick","decl":{"start":{"line":23,"column":18},"end":{"line":25,"column":11}},"loc":{"start":{"line":23,"column":18},"end":{"line":25,"column":11}},"line":23},"2":{"name":"onClick","decl":{"start":{"line":45,"column":16},"end":{"line":47,"column":9}},"loc":{"start":{"line":45,"column":16},"end":{"line":47,"column":9}},"line":45}},"f":{"0":40,"1":1,"2":9}}
,"/Users/macbookairm1/Documents/github/strajk-bowling/src/components/Top/Top.jsx": {"path":"/Users/macbookairm1/Documents/github/strajk-bowling/src/components/Top/Top.jsx","all":false,"statementMap":{"0":{"start":{"line":1,"column":0},"end":{"line":1,"column":20}},"1":{"start":{"line":2,"column":0},"end":{"line":2,"column":48}},"3":{"start":{"line":4,"column":0},"end":{"line":4,"column":25}},"4":{"start":{"line":5,"column":0},"end":{"line":5,"column":12}},"5":{"start":{"line":6,"column":0},"end":{"line":6,"column":32}},"6":{"start":{"line":7,"column":0},"end":{"line":7,"column":54}},"7":{"start":{"line":8,"column":0},"end":{"line":8,"column":53}},"8":{"start":{"line":9,"column":0},"end":{"line":9,"column":17}},"10":{"start":{"line":11,"column":0},"end":{"line":11,"column":1}},"12":{"start":{"line":13,"column":0},"end":{"line":13,"column":19}}},"s":{"0":1,"1":1,"3":38,"4":38,"5":38,"6":38,"7":38,"8":38,"10":38,"12":1},"branchMap":{"0":{"type":"branch","line":4,"loc":{"start":{"line":4,"column":0},"end":{"line":11,"column":1}},"locations":[{"start":{"line":4,"column":0},"end":{"line":11,"column":1}}]}},"b":{"0":[38]},"fnMap":{"0":{"name":"Top","decl":{"start":{"line":4,"column":0},"end":{"line":11,"column":1}},"loc":{"start":{"line":4,"column":0},"end":{"line":11,"column":1}},"line":4}},"f":{"0":38}}
,"/Users/macbookairm1/Documents/github/strajk-bowling/src/tests/Booking.test.jsx": {"path":"/Users/macbookairm1/Documents/github/strajk-bowling/src/tests/Booking.test.jsx","all":false,"statementMap":{"0":{"start":{"line":1,"column":0},"end":{"line":1,"column":0}},"19":{"start":{"line":20,"column":0},"end":{"line":20,"column":31}},"20":{"start":{"line":21,"column":0},"end":{"line":21,"column":44}},"23":{"start":{"line":24,"column":0},"end":{"line":24,"column":37}},"24":{"start":{"line":25,"column":0},"end":{"line":25,"column":35}},"25":{"start":{"line":26,"column":0},"end":{"line":26,"column":42}},"26":{"start":{"line":27,"column":0},"end":{"line":27,"column":33}},"28":{"start":{"line":29,"column":0},"end":{"line":29,"column":75}},"29":{"start":{"line":30,"column":0},"end":{"line":30,"column":11}},"30":{"start":{"line":31,"column":0},"end":{"line":31,"column":20}},"31":{"start":{"line":32,"column":0},"end":{"line":32,"column":19}},"32":{"start":{"line":33,"column":0},"end":{"line":33,"column":21}},"33":{"start":{"line":34,"column":0},"end":{"line":34,"column":6}},"35":{"start":{"line":36,"column":0},"end":{"line":36,"column":76}},"36":{"start":{"line":37,"column":0},"end":{"line":37,"column":31}},"38":{"start":{"line":39,"column":0},"end":{"line":39,"column":11}},"39":{"start":{"line":40,"column":0},"end":{"line":40,"column":64}},"40":{"start":{"line":41,"column":0},"end":{"line":41,"column":26}},"41":{"start":{"line":42,"column":0},"end":{"line":42,"column":5}},"43":{"start":{"line":44,"column":0},"end":{"line":44,"column":94}},"44":{"start":{"line":45,"column":0},"end":{"line":45,"column":11}},"45":{"start":{"line":46,"column":0},"end":{"line":46,"column":20}},"46":{"start":{"line":47,"column":0},"end":{"line":47,"column":19}},"47":{"start":{"line":48,"column":0},"end":{"line":48,"column":21}},"48":{"start":{"line":49,"column":0},"end":{"line":49,"column":6}},"51":{"start":{"line":52,"column":0},"end":{"line":52,"column":53}},"52":{"start":{"line":53,"column":0},"end":{"line":53,"column":69}},"55":{"start":{"line":56,"column":0},"end":{"line":56,"column":53}},"56":{"start":{"line":57,"column":0},"end":{"line":57,"column":64}},"59":{"start":{"line":60,"column":0},"end":{"line":60,"column":76}},"60":{"start":{"line":61,"column":0},"end":{"line":61,"column":62}},"63":{"start":{"line":64,"column":0},"end":{"line":64,"column":65}},"64":{"start":{"line":65,"column":0},"end":{"line":65,"column":61}},"67":{"start":{"line":68,"column":0},"end":{"line":68,"column":68}},"68":{"start":{"line":69,"column":0},"end":{"line":69,"column":36}},"69":{"start":{"line":70,"column":0},"end":{"line":70,"column":36}},"72":{"start":{"line":73,"column":0},"end":{"line":73,"column":72}},"74":{"start":{"line":75,"column":0},"end":{"line":75,"column":39}},"75":{"start":{"line":76,"column":0},"end":{"line":76,"column":65}},"76":{"start":{"line":77,"column":0},"end":{"line":77,"column":65}},"79":{"start":{"line":80,"column":0},"end":{"line":80,"column":76}},"80":{"start":{"line":81,"column":0},"end":{"line":81,"column":31}},"83":{"start":{"line":84,"column":0},"end":{"line":84,"column":25}},"84":{"start":{"line":85,"column":0},"end":{"line":85,"column":54}},"85":{"start":{"line":86,"column":0},"end":{"line":86,"column":87}},"86":{"start":{"line":87,"column":0},"end":{"line":87,"column":7}},"87":{"start":{"line":88,"column":0},"end":{"line":88,"column":5}},"89":{"start":{"line":90,"column":0},"end":{"line":90,"column":90}},"90":{"start":{"line":91,"column":0},"end":{"line":91,"column":11}},"91":{"start":{"line":92,"column":0},"end":{"line":92,"column":20}},"92":{"start":{"line":93,"column":0},"end":{"line":93,"column":19}},"93":{"start":{"line":94,"column":0},"end":{"line":94,"column":21}},"94":{"start":{"line":95,"column":0},"end":{"line":95,"column":6}},"96":{"start":{"line":97,"column":0},"end":{"line":97,"column":53}},"97":{"start":{"line":98,"column":0},"end":{"line":98,"column":69}},"99":{"start":{"line":100,"column":0},"end":{"line":100,"column":53}},"100":{"start":{"line":101,"column":0},"end":{"line":101,"column":64}},"102":{"start":{"line":103,"column":0},"end":{"line":103,"column":76}},"103":{"start":{"line":104,"column":0},"end":{"line":104,"column":62}},"105":{"start":{"line":106,"column":0},"end":{"line":106,"column":65}},"106":{"start":{"line":107,"column":0},"end":{"line":107,"column":61}},"109":{"start":{"line":110,"column":0},"end":{"line":110,"column":68}},"110":{"start":{"line":111,"column":0},"end":{"line":111,"column":36}},"113":{"start":{"line":114,"column":0},"end":{"line":114,"column":68}},"114":{"start":{"line":115,"column":0},"end":{"line":115,"column":61}},"116":{"start":{"line":117,"column":0},"end":{"line":117,"column":76}},"117":{"start":{"line":118,"column":0},"end":{"line":118,"column":31}},"119":{"start":{"line":120,"column":0},"end":{"line":120,"column":11}},"120":{"start":{"line":121,"column":0},"end":{"line":121,"column":85}},"121":{"start":{"line":122,"column":0},"end":{"line":122,"column":26}},"122":{"start":{"line":123,"column":0},"end":{"line":123,"column":5}},"124":{"start":{"line":125,"column":0},"end":{"line":125,"column":80}},"125":{"start":{"line":126,"column":0},"end":{"line":126,"column":11}},"126":{"start":{"line":127,"column":0},"end":{"line":127,"column":20}},"127":{"start":{"line":128,"column":0},"end":{"line":128,"column":19}},"128":{"start":{"line":129,"column":0},"end":{"line":129,"column":21}},"129":{"start":{"line":130,"column":0},"end":{"line":130,"column":6}},"131":{"start":{"line":132,"column":0},"end":{"line":132,"column":53}},"132":{"start":{"line":133,"column":0},"end":{"line":133,"column":69}},"134":{"start":{"line":135,"column":0},"end":{"line":135,"column":53}},"135":{"start":{"line":136,"column":0},"end":{"line":136,"column":64}},"138":{"start":{"line":139,"column":0},"end":{"line":139,"column":76}},"139":{"start":{"line":140,"column":0},"end":{"line":140,"column":62}},"141":{"start":{"line":142,"column":0},"end":{"line":142,"column":65}},"142":{"start":{"line":143,"column":0},"end":{"line":143,"column":61}},"145":{"start":{"line":146,"column":0},"end":{"line":146,"column":68}},"146":{"start":{"line":147,"column":0},"end":{"line":147,"column":33}},"147":{"start":{"line":148,"column":0},"end":{"line":148,"column":37}},"148":{"start":{"line":149,"column":0},"end":{"line":149,"column":5}},"150":{"start":{"line":151,"column":0},"end":{"line":151,"column":72}},"151":{"start":{"line":152,"column":0},"end":{"line":152,"column":39}},"152":{"start":{"line":153,"column":0},"end":{"line":153,"column":40}},"153":{"start":{"line":154,"column":0},"end":{"line":154,"column":59}},"154":{"start":{"line":155,"column":0},"end":{"line":155,"column":7}},"156":{"start":{"line":157,"column":0},"end":{"line":157,"column":76}},"157":{"start":{"line":158,"column":0},"end":{"line":158,"column":31}},"159":{"start":{"line":160,"column":0},"end":{"line":160,"column":11}},"160":{"start":{"line":161,"column":0},"end":{"line":161,"column":69}},"161":{"start":{"line":162,"column":0},"end":{"line":162,"column":26}},"162":{"start":{"line":163,"column":0},"end":{"line":163,"column":5}},"163":{"start":{"line":164,"column":0},"end":{"line":164,"column":3}}},"s":{"0":1,"19":1,"20":1,"23":1,"24":1,"25":1,"26":1,"28":1,"29":1,"30":1,"31":1,"32":1,"33":1,"35":1,"36":1,"38":1,"39":1,"40":1,"41":1,"43":1,"44":1,"45":1,"46":1,"47":1,"48":1,"51":1,"52":1,"55":1,"56":1,"59":1,"60":1,"63":1,"64":1,"67":1,"68":1,"69":1,"72":1,"74":1,"75":1,"76":1,"79":1,"80":1,"83":1,"84":2,"85":2,"86":1,"87":1,"89":1,"90":1,"91":1,"92":1,"93":1,"94":1,"96":1,"97":1,"99":1,"100":1,"102":1,"103":1,"105":1,"106":1,"109":1,"110":1,"113":1,"114":1,"116":1,"117":1,"119":1,"120":1,"121":1,"122":1,"124":1,"125":1,"126":1,"127":1,"128":1,"129":1,"131":1,"132":1,"134":1,"135":1,"138":1,"139":1,"141":1,"142":1,"145":1,"146":1,"147":5,"148":5,"150":1,"151":1,"152":1,"153":5,"154":1,"156":1,"157":1,"159":1,"160":1,"161":1,"162":1,"163":1},"branchMap":{"0":{"type":"branch","line":24,"loc":{"start":{"line":24,"column":30},"end":{"line":164,"column":3}},"locations":[{"start":{"line":24,"column":30},"end":{"line":164,"column":3}}]},"1":{"type":"branch","line":25,"loc":{"start":{"line":25,"column":12},"end":{"line":25,"column":33}},"locations":[{"start":{"line":25,"column":12},"end":{"line":25,"column":33}}]},"2":{"type":"branch","line":26,"loc":{"start":{"line":26,"column":12},"end":{"line":26,"column":40}},"locations":[{"start":{"line":26,"column":12},"end":{"line":26,"column":40}}]},"3":{"type":"branch","line":27,"loc":{"start":{"line":27,"column":11},"end":{"line":27,"column":31}},"locations":[{"start":{"line":27,"column":11},"end":{"line":27,"column":31}}]},"4":{"type":"branch","line":29,"loc":{"start":{"line":29,"column":62},"end":{"line":42,"column":3}},"locations":[{"start":{"line":29,"column":62},"end":{"line":42,"column":3}}]},"5":{"type":"branch","line":44,"loc":{"start":{"line":44,"column":81},"end":{"line":88,"column":3}},"locations":[{"start":{"line":44,"column":81},"end":{"line":88,"column":3}}]},"6":{"type":"branch","line":84,"loc":{"start":{"line":84,"column":18},"end":{"line":87,"column":5}},"locations":[{"start":{"line":84,"column":18},"end":{"line":87,"column":5}}]},"7":{"type":"branch","line":90,"loc":{"start":{"line":90,"column":77},"end":{"line":123,"column":3}},"locations":[{"start":{"line":90,"column":77},"end":{"line":123,"column":3}}]},"8":{"type":"branch","line":125,"loc":{"start":{"line":125,"column":67},"end":{"line":163,"column":3}},"locations":[{"start":{"line":125,"column":67},"end":{"line":163,"column":3}}]},"9":{"type":"branch","line":147,"loc":{"start":{"line":147,"column":32},"end":{"line":149,"column":5}},"locations":[{"start":{"line":147,"column":32},"end":{"line":149,"column":5}}]},"10":{"type":"branch","line":153,"loc":{"start":{"line":153,"column":23},"end":{"line":155,"column":5}},"locations":[{"start":{"line":153,"column":23},"end":{"line":155,"column":5}}]}},"b":{"0":[1],"1":[1],"2":[4],"3":[1],"4":[1],"5":[1],"6":[2],"7":[1],"8":[1],"9":[5],"10":[5]},"fnMap":{},"f":{}}
,"/Users/macbookairm1/Documents/github/strajk-bowling/src/tests/Confirmation.test.jsx": {"path":"/Users/macbookairm1/Documents/github/strajk-bowling/src/tests/Confirmation.test.jsx","all":false,"statementMap":{"0":{"start":{"line":1,"column":0},"end":{"line":1,"column":26}},"17":{"start":{"line":18,"column":0},"end":{"line":18,"column":42}},"18":{"start":{"line":19,"column":0},"end":{"line":19,"column":20}},"19":{"start":{"line":20,"column":0},"end":{"line":20,"column":27}},"20":{"start":{"line":21,"column":0},"end":{"line":21,"column":36}},"21":{"start":{"line":22,"column":0},"end":{"line":22,"column":5}},"23":{"start":{"line":24,"column":0},"end":{"line":24,"column":55}},"24":{"start":{"line":25,"column":0},"end":{"line":25,"column":30}},"25":{"start":{"line":26,"column":0},"end":{"line":26,"column":31}},"26":{"start":{"line":27,"column":0},"end":{"line":27,"column":17}},"27":{"start":{"line":28,"column":0},"end":{"line":28,"column":18}},"28":{"start":{"line":29,"column":0},"end":{"line":29,"column":18}},"29":{"start":{"line":30,"column":0},"end":{"line":30,"column":19}},"30":{"start":{"line":31,"column":0},"end":{"line":31,"column":6}},"32":{"start":{"line":33,"column":0},"end":{"line":33,"column":86}},"34":{"start":{"line":35,"column":0},"end":{"line":35,"column":11}},"35":{"start":{"line":36,"column":0},"end":{"line":36,"column":20}},"36":{"start":{"line":37,"column":0},"end":{"line":37,"column":24}},"37":{"start":{"line":38,"column":0},"end":{"line":38,"column":21}},"38":{"start":{"line":39,"column":0},"end":{"line":39,"column":6}},"40":{"start":{"line":41,"column":0},"end":{"line":41,"column":75}},"41":{"start":{"line":42,"column":0},"end":{"line":42,"column":59}},"42":{"start":{"line":43,"column":0},"end":{"line":43,"column":61}},"43":{"start":{"line":44,"column":0},"end":{"line":44,"column":74}},"44":{"start":{"line":45,"column":0},"end":{"line":45,"column":59}},"45":{"start":{"line":46,"column":0},"end":{"line":46,"column":60}},"46":{"start":{"line":47,"column":0},"end":{"line":47,"column":5}},"48":{"start":{"line":49,"column":0},"end":{"line":49,"column":89}},"49":{"start":{"line":50,"column":0},"end":{"line":50,"column":30}},"50":{"start":{"line":51,"column":0},"end":{"line":51,"column":31}},"51":{"start":{"line":52,"column":0},"end":{"line":52,"column":17}},"52":{"start":{"line":53,"column":0},"end":{"line":53,"column":18}},"53":{"start":{"line":54,"column":0},"end":{"line":54,"column":18}},"54":{"start":{"line":55,"column":0},"end":{"line":55,"column":19}},"55":{"start":{"line":56,"column":0},"end":{"line":56,"column":6}},"57":{"start":{"line":58,"column":0},"end":{"line":58,"column":77}},"59":{"start":{"line":60,"column":0},"end":{"line":60,"column":11}},"60":{"start":{"line":61,"column":0},"end":{"line":61,"column":20}},"61":{"start":{"line":62,"column":0},"end":{"line":62,"column":24}},"62":{"start":{"line":63,"column":0},"end":{"line":63,"column":21}},"63":{"start":{"line":64,"column":0},"end":{"line":64,"column":6}},"65":{"start":{"line":66,"column":0},"end":{"line":66,"column":75}},"66":{"start":{"line":67,"column":0},"end":{"line":67,"column":59}},"67":{"start":{"line":68,"column":0},"end":{"line":68,"column":61}},"68":{"start":{"line":69,"column":0},"end":{"line":69,"column":74}},"69":{"start":{"line":70,"column":0},"end":{"line":70,"column":60}},"70":{"start":{"line":71,"column":0},"end":{"line":71,"column":5}},"72":{"start":{"line":73,"column":0},"end":{"line":73,"column":97}},"73":{"start":{"line":74,"column":0},"end":{"line":74,"column":11}},"74":{"start":{"line":75,"column":0},"end":{"line":75,"column":20}},"75":{"start":{"line":76,"column":0},"end":{"line":76,"column":24}},"76":{"start":{"line":77,"column":0},"end":{"line":77,"column":21}},"77":{"start":{"line":78,"column":0},"end":{"line":78,"column":6}},"79":{"start":{"line":80,"column":0},"end":{"line":80,"column":73}},"80":{"start":{"line":81,"column":0},"end":{"line":81,"column":5}},"81":{"start":{"line":82,"column":0},"end":{"line":82,"column":3}}},"s":{"0":1,"17":1,"18":1,"19":3,"20":3,"21":1,"23":1,"24":1,"25":1,"26":1,"27":1,"28":1,"29":1,"30":1,"32":1,"34":1,"35":1,"36":1,"37":1,"38":1,"40":1,"41":1,"42":1,"43":1,"44":1,"45":1,"46":1,"48":1,"49":1,"50":1,"51":1,"52":1,"53":1,"54":1,"55":1,"57":1,"59":1,"60":1,"61":1,"62":1,"63":1,"65":1,"66":1,"67":1,"68":1,"69":1,"70":1,"72":1,"73":1,"74":1,"75":1,"76":1,"77":1,"79":1,"80":1,"81":1},"branchMap":{"0":{"type":"branch","line":18,"loc":{"start":{"line":18,"column":35},"end":{"line":82,"column":3}},"locations":[{"start":{"line":18,"column":35},"end":{"line":82,"column":3}}]},"1":{"type":"branch","line":19,"loc":{"start":{"line":19,"column":13},"end":{"line":22,"column":3}},"locations":[{"start":{"line":19,"column":13},"end":{"line":22,"column":3}}]},"2":{"type":"branch","line":24,"loc":{"start":{"line":24,"column":48},"end":{"line":47,"column":3}},"locations":[{"start":{"line":24,"column":48},"end":{"line":47,"column":3}}]},"3":{"type":"branch","line":49,"loc":{"start":{"line":49,"column":82},"end":{"line":71,"column":3}},"locations":[{"start":{"line":49,"column":82},"end":{"line":71,"column":3}}]},"4":{"type":"branch","line":73,"loc":{"start":{"line":73,"column":90},"end":{"line":81,"column":3}},"locations":[{"start":{"line":73,"column":90},"end":{"line":81,"column":3}}]}},"b":{"0":[1],"1":[3],"2":[1],"3":[1],"4":[1]},"fnMap":{},"f":{}}
,"/Users/macbookairm1/Documents/github/strajk-bowling/src/tests/Navigation.test.jsx": {"path":"/Users/macbookairm1/Documents/github/strajk-bowling/src/tests/Navigation.test.jsx","all":false,"statementMap":{"0":{"start":{"line":1,"column":0},"end":{"line":1,"column":26}},"15":{"start":{"line":16,"column":0},"end":{"line":16,"column":40}},"16":{"start":{"line":17,"column":0},"end":{"line":17,"column":33}},"18":{"start":{"line":19,"column":0},"end":{"line":19,"column":20}},"19":{"start":{"line":20,"column":0},"end":{"line":20,"column":31}},"20":{"start":{"line":21,"column":0},"end":{"line":21,"column":48}},"21":{"start":{"line":22,"column":0},"end":{"line":22,"column":5}},"23":{"start":{"line":24,"column":0},"end":{"line":24,"column":44}},"24":{"start":{"line":25,"column":0},"end":{"line":25,"column":27}},"25":{"start":{"line":26,"column":0},"end":{"line":26,"column":71}},"26":{"start":{"line":27,"column":0},"end":{"line":27,"column":81}},"28":{"start":{"line":29,"column":0},"end":{"line":29,"column":44}},"29":{"start":{"line":30,"column":0},"end":{"line":30,"column":49}},"30":{"start":{"line":31,"column":0},"end":{"line":31,"column":5}},"32":{"start":{"line":33,"column":0},"end":{"line":33,"column":65}},"33":{"start":{"line":34,"column":0},"end":{"line":34,"column":27}},"34":{"start":{"line":35,"column":0},"end":{"line":35,"column":44}},"35":{"start":{"line":36,"column":0},"end":{"line":36,"column":29}},"37":{"start":{"line":38,"column":0},"end":{"line":38,"column":71}},"38":{"start":{"line":39,"column":0},"end":{"line":39,"column":81}},"40":{"start":{"line":41,"column":0},"end":{"line":41,"column":48}},"41":{"start":{"line":42,"column":0},"end":{"line":42,"column":53}},"42":{"start":{"line":43,"column":0},"end":{"line":43,"column":5}},"44":{"start":{"line":45,"column":0},"end":{"line":45,"column":60}},"45":{"start":{"line":46,"column":0},"end":{"line":46,"column":27}},"46":{"start":{"line":47,"column":0},"end":{"line":47,"column":44}},"47":{"start":{"line":48,"column":0},"end":{"line":48,"column":29}},"49":{"start":{"line":50,"column":0},"end":{"line":50,"column":71}},"50":{"start":{"line":51,"column":0},"end":{"line":51,"column":33}},"52":{"start":{"line":53,"column":0},"end":{"line":53,"column":53}},"53":{"start":{"line":54,"column":0},"end":{"line":54,"column":5}},"55":{"start":{"line":56,"column":0},"end":{"line":56,"column":74}},"56":{"start":{"line":57,"column":0},"end":{"line":57,"column":27}},"57":{"start":{"line":58,"column":0},"end":{"line":58,"column":44}},"58":{"start":{"line":59,"column":0},"end":{"line":59,"column":29}},"60":{"start":{"line":61,"column":0},"end":{"line":61,"column":81}},"61":{"start":{"line":62,"column":0},"end":{"line":62,"column":38}},"63":{"start":{"line":64,"column":0},"end":{"line":64,"column":65}},"64":{"start":{"line":65,"column":0},"end":{"line":65,"column":5}},"65":{"start":{"line":66,"column":0},"end":{"line":66,"column":3}}},"s":{"0":1,"15":1,"16":1,"18":1,"19":4,"20":4,"21":1,"23":1,"24":1,"25":1,"26":1,"28":1,"29":1,"30":1,"32":1,"33":1,"34":1,"35":1,"37":1,"38":1,"40":1,"41":1,"42":1,"44":1,"45":1,"46":1,"47":1,"49":1,"50":1,"52":1,"53":1,"55":1,"56":1,"57":1,"58":1,"60":1,"61":1,"63":1,"64":1,"65":1},"branchMap":{"0":{"type":"branch","line":16,"loc":{"start":{"line":16,"column":33},"end":{"line":66,"column":3}},"locations":[{"start":{"line":16,"column":33},"end":{"line":66,"column":3}}]},"1":{"type":"branch","line":19,"loc":{"start":{"line":19,"column":13},"end":{"line":22,"column":3}},"locations":[{"start":{"line":19,"column":13},"end":{"line":22,"column":3}}]},"2":{"type":"branch","line":24,"loc":{"start":{"line":24,"column":37},"end":{"line":31,"column":3}},"locations":[{"start":{"line":24,"column":37},"end":{"line":31,"column":3}}]},"3":{"type":"branch","line":33,"loc":{"start":{"line":33,"column":58},"end":{"line":43,"column":3}},"locations":[{"start":{"line":33,"column":58},"end":{"line":43,"column":3}}]},"4":{"type":"branch","line":45,"loc":{"start":{"line":45,"column":53},"end":{"line":54,"column":3}},"locations":[{"start":{"line":45,"column":53},"end":{"line":54,"column":3}}]},"5":{"type":"branch","line":56,"loc":{"start":{"line":56,"column":67},"end":{"line":65,"column":3}},"locations":[{"start":{"line":56,"column":67},"end":{"line":65,"column":3}}]}},"b":{"0":[1],"1":[4],"2":[1],"3":[1],"4":[1],"5":[1]},"fnMap":{},"f":{}}
,"/Users/macbookairm1/Documents/github/strajk-bowling/src/tests/Shoes.test.jsx": {"path":"/Users/macbookairm1/Documents/github/strajk-bowling/src/tests/Shoes.test.jsx","all":false,"statementMap":{"0":{"start":{"line":1,"column":0},"end":{"line":1,"column":26}},"1":{"start":{"line":2,"column":0},"end":{"line":2,"column":67}},"2":{"start":{"line":3,"column":0},"end":{"line":3,"column":46}},"3":{"start":{"line":4,"column":0},"end":{"line":4,"column":42}},"4":{"start":{"line":5,"column":0},"end":{"line":5,"column":35}},"6":{"start":{"line":7,"column":0},"end":{"line":7,"column":35}},"7":{"start":{"line":8,"column":0},"end":{"line":8,"column":21}},"8":{"start":{"line":9,"column":0},"end":{"line":9,"column":18}},"9":{"start":{"line":10,"column":0},"end":{"line":10,"column":21}},"11":{"start":{"line":12,"column":0},"end":{"line":12,"column":20}},"12":{"start":{"line":13,"column":0},"end":{"line":13,"column":29}},"13":{"start":{"line":14,"column":0},"end":{"line":14,"column":26}},"14":{"start":{"line":15,"column":0},"end":{"line":15,"column":29}},"15":{"start":{"line":16,"column":0},"end":{"line":16,"column":5}},"17":{"start":{"line":18,"column":0},"end":{"line":18,"column":45}},"18":{"start":{"line":19,"column":0},"end":{"line":19,"column":111}},"19":{"start":{"line":20,"column":0},"end":{"line":20,"column":80}},"20":{"start":{"line":21,"column":0},"end":{"line":21,"column":5}},"22":{"start":{"line":23,"column":0},"end":{"line":23,"column":55}},"23":{"start":{"line":24,"column":0},"end":{"line":24,"column":111}},"24":{"start":{"line":25,"column":0},"end":{"line":25,"column":66}},"25":{"start":{"line":26,"column":0},"end":{"line":26,"column":31}},"28":{"start":{"line":29,"column":0},"end":{"line":29,"column":49}},"29":{"start":{"line":30,"column":0},"end":{"line":30,"column":5}},"31":{"start":{"line":32,"column":0},"end":{"line":32,"column":72}},"32":{"start":{"line":33,"column":0},"end":{"line":33,"column":50}},"33":{"start":{"line":34,"column":0},"end":{"line":34,"column":118}},"36":{"start":{"line":37,"column":0},"end":{"line":37,"column":70}},"37":{"start":{"line":38,"column":0},"end":{"line":38,"column":42}},"38":{"start":{"line":39,"column":0},"end":{"line":39,"column":5}},"40":{"start":{"line":41,"column":0},"end":{"line":41,"column":58}},"41":{"start":{"line":42,"column":0},"end":{"line":42,"column":50}},"42":{"start":{"line":43,"column":0},"end":{"line":43,"column":118}},"44":{"start":{"line":45,"column":0},"end":{"line":45,"column":67}},"45":{"start":{"line":46,"column":0},"end":{"line":46,"column":34}},"48":{"start":{"line":49,"column":0},"end":{"line":49,"column":57}},"49":{"start":{"line":50,"column":0},"end":{"line":50,"column":5}},"51":{"start":{"line":52,"column":0},"end":{"line":52,"column":54}},"52":{"start":{"line":53,"column":0},"end":{"line":53,"column":50}},"53":{"start":{"line":54,"column":0},"end":{"line":54,"column":118}},"55":{"start":{"line":56,"column":0},"end":{"line":56,"column":70}},"56":{"start":{"line":57,"column":0},"end":{"line":57,"column":61}},"58":{"start":{"line":59,"column":0},"end":{"line":59,"column":46}},"59":{"start":{"line":60,"column":0},"end":{"line":60,"column":68}},"60":{"start":{"line":61,"column":0},"end":{"line":61,"column":70}},"61":{"start":{"line":62,"column":0},"end":{"line":62,"column":5}},"62":{"start":{"line":63,"column":0},"end":{"line":63,"column":3}}},"s":{"0":1,"1":1,"2":1,"3":1,"4":1,"6":1,"7":1,"8":1,"9":1,"11":1,"12":5,"13":5,"14":5,"15":1,"17":1,"18":1,"19":1,"20":1,"22":1,"23":1,"24":1,"25":1,"28":1,"29":1,"31":1,"32":1,"33":1,"36":1,"37":1,"38":1,"40":1,"41":1,"42":1,"44":1,"45":1,"48":1,"49":1,"51":1,"52":1,"53":1,"55":1,"56":1,"58":1,"59":1,"60":1,"61":1,"62":1},"branchMap":{"0":{"type":"branch","line":7,"loc":{"start":{"line":7,"column":28},"end":{"line":63,"column":3}},"locations":[{"start":{"line":7,"column":28},"end":{"line":63,"column":3}}]},"1":{"type":"branch","line":12,"loc":{"start":{"line":12,"column":13},"end":{"line":16,"column":3}},"locations":[{"start":{"line":12,"column":13},"end":{"line":16,"column":3}}]},"2":{"type":"branch","line":18,"loc":{"start":{"line":18,"column":38},"end":{"line":21,"column":3}},"locations":[{"start":{"line":18,"column":38},"end":{"line":21,"column":3}}]},"3":{"type":"branch","line":23,"loc":{"start":{"line":23,"column":48},"end":{"line":30,"column":3}},"locations":[{"start":{"line":23,"column":48},"end":{"line":30,"column":3}}]},"4":{"type":"branch","line":32,"loc":{"start":{"line":32,"column":65},"end":{"line":39,"column":3}},"locations":[{"start":{"line":32,"column":65},"end":{"line":39,"column":3}}]},"5":{"type":"branch","line":41,"loc":{"start":{"line":41,"column":51},"end":{"line":50,"column":3}},"locations":[{"start":{"line":41,"column":51},"end":{"line":50,"column":3}}]},"6":{"type":"branch","line":52,"loc":{"start":{"line":52,"column":47},"end":{"line":62,"column":3}},"locations":[{"start":{"line":52,"column":47},"end":{"line":62,"column":3}}]}},"b":{"0":[1],"1":[5],"2":[1],"3":[1],"4":[1],"5":[1],"6":[1]},"fnMap":{},"f":{}}
,"/Users/macbookairm1/Documents/github/strajk-bowling/src/views/Booking.jsx": {"path":"/Users/macbookairm1/Documents/github/strajk-bowling/src/views/Booking.jsx","all":false,"statementMap":{"0":{"start":{"line":1,"column":0},"end":{"line":1,"column":33}},"1":{"start":{"line":2,"column":0},"end":{"line":2,"column":47}},"2":{"start":{"line":3,"column":0},"end":{"line":3,"column":24}},"4":{"start":{"line":5,"column":0},"end":{"line":5,"column":64}},"5":{"start":{"line":6,"column":0},"end":{"line":6,"column":67}},"6":{"start":{"line":7,"column":0},"end":{"line":7,"column":61}},"7":{"start":{"line":8,"column":0},"end":{"line":8,"column":46}},"8":{"start":{"line":9,"column":0},"end":{"line":9,"column":40}},"10":{"start":{"line":11,"column":0},"end":{"line":11,"column":20}},"11":{"start":{"line":12,"column":0},"end":{"line":12,"column":42}},"12":{"start":{"line":13,"column":0},"end":{"line":13,"column":13}},"13":{"start":{"line":14,"column":0},"end":{"line":14,"column":13}},"14":{"start":{"line":15,"column":0},"end":{"line":15,"column":13}},"15":{"start":{"line":16,"column":0},"end":{"line":16,"column":14}},"16":{"start":{"line":17,"column":0},"end":{"line":17,"column":5}},"17":{"start":{"line":18,"column":0},"end":{"line":18,"column":41}},"18":{"start":{"line":19,"column":0},"end":{"line":19,"column":41}},"19":{"start":{"line":20,"column":0},"end":{"line":20,"column":33}},"21":{"start":{"line":22,"column":0},"end":{"line":22,"column":40}},"22":{"start":{"line":23,"column":0},"end":{"line":23,"column":41}},"23":{"start":{"line":24,"column":0},"end":{"line":24,"column":17}},"25":{"start":{"line":26,"column":0},"end":{"line":26,"column":32}},"26":{"start":{"line":27,"column":0},"end":{"line":27,"column":19}},"27":{"start":{"line":28,"column":0},"end":{"line":28,"column":20}},"28":{"start":{"line":29,"column":0},"end":{"line":29,"column":8}},"29":{"start":{"line":30,"column":0},"end":{"line":30,"column":3}},"31":{"start":{"line":32,"column":0},"end":{"line":32,"column":30}},"32":{"start":{"line":33,"column":0},"end":{"line":33,"column":41}},"33":{"start":{"line":34,"column":0},"end":{"line":34,"column":17}},"35":{"start":{"line":36,"column":0},"end":{"line":36,"column":51}},"36":{"start":{"line":37,"column":0},"end":{"line":37,"column":29}},"37":{"start":{"line":38,"column":0},"end":{"line":38,"column":31}},"38":{"start":{"line":39,"column":0},"end":{"line":39,"column":60}},"39":{"start":{"line":40,"column":0},"end":{"line":40,"column":9}},"40":{"start":{"line":41,"column":0},"end":{"line":41,"column":8}},"41":{"start":{"line":42,"column":0},"end":{"line":42,"column":5}},"42":{"start":{"line":43,"column":0},"end":{"line":43,"column":3}},"44":{"start":{"line":45,"column":0},"end":{"line":45,"column":26}},"45":{"start":{"line":46,"column":0},"end":{"line":46,"column":17}},"47":{"start":{"line":48,"column":0},"end":{"line":48,"column":49}},"48":{"start":{"line":49,"column":0},"end":{"line":49,"column":3}},"50":{"start":{"line":51,"column":0},"end":{"line":51,"column":29}},"51":{"start":{"line":52,"column":0},"end":{"line":52,"column":17}},"53":{"start":{"line":54,"column":0},"end":{"line":54,"column":55}},"54":{"start":{"line":55,"column":0},"end":{"line":55,"column":3}},"56":{"start":{"line":57,"column":0},"end":{"line":57,"column":32}},"57":{"start":{"line":58,"column":0},"end":{"line":58,"column":22}},"59":{"start":{"line":60,"column":0},"end":{"line":60,"column":76}},"61":{"start":{"line":62,"column":0},"end":{"line":62,"column":18}},"62":{"start":{"line":63,"column":0},"end":{"line":63,"column":3}},"64":{"start":{"line":65,"column":0},"end":{"line":65,"column":35}},"65":{"start":{"line":66,"column":0},"end":{"line":66,"column":35}},"66":{"start":{"line":67,"column":0},"end":{"line":67,"column":66}},"68":{"start":{"line":69,"column":0},"end":{"line":69,"column":56}},"70":{"start":{"line":71,"column":0},"end":{"line":71,"column":17}},"71":{"start":{"line":72,"column":0},"end":{"line":72,"column":3}},"73":{"start":{"line":74,"column":0},"end":{"line":74,"column":43}},"74":{"start":{"line":75,"column":0},"end":{"line":75,"column":33}},"75":{"start":{"line":76,"column":0},"end":{"line":76,"column":64}},"76":{"start":{"line":77,"column":0},"end":{"line":77,"column":7}},"77":{"start":{"line":78,"column":0},"end":{"line":78,"column":23}},"78":{"start":{"line":79,"column":0},"end":{"line":79,"column":18}},"79":{"start":{"line":80,"column":0},"end":{"line":80,"column":62}},"80":{"start":{"line":81,"column":0},"end":{"line":81,"column":10}},"81":{"start":{"line":82,"column":0},"end":{"line":82,"column":42}},"82":{"start":{"line":83,"column":0},"end":{"line":83,"column":7}},"83":{"start":{"line":84,"column":0},"end":{"line":84,"column":6}},"84":{"start":{"line":85,"column":0},"end":{"line":85,"column":39}},"86":{"start":{"line":87,"column":0},"end":{"line":87,"column":16}},"87":{"start":{"line":88,"column":0},"end":{"line":88,"column":3}},"89":{"start":{"line":90,"column":0},"end":{"line":90,"column":36}},"90":{"start":{"line":91,"column":0},"end":{"line":91,"column":53}},"91":{"start":{"line":92,"column":0},"end":{"line":92,"column":3}},"93":{"start":{"line":94,"column":0},"end":{"line":94,"column":43}},"94":{"start":{"line":95,"column":0},"end":{"line":95,"column":37}},"95":{"start":{"line":96,"column":0},"end":{"line":96,"column":75}},"97":{"start":{"line":98,"column":0},"end":{"line":98,"column":16}},"98":{"start":{"line":99,"column":0},"end":{"line":99,"column":7}},"99":{"start":{"line":100,"column":0},"end":{"line":100,"column":3}},"101":{"start":{"line":102,"column":0},"end":{"line":102,"column":25}},"102":{"start":{"line":103,"column":0},"end":{"line":103,"column":26}},"104":{"start":{"line":105,"column":0},"end":{"line":105,"column":78}},"105":{"start":{"line":106,"column":0},"end":{"line":106,"column":54}},"106":{"start":{"line":107,"column":0},"end":{"line":107,"column":42}},"107":{"start":{"line":108,"column":0},"end":{"line":108,"column":75}},"108":{"start":{"line":109,"column":0},"end":{"line":109,"column":38}},"109":{"start":{"line":110,"column":0},"end":{"line":110,"column":52}},"110":{"start":{"line":111,"column":0},"end":{"line":111,"column":41}},"111":{"start":{"line":112,"column":0},"end":{"line":112,"column":59}},"112":{"start":{"line":113,"column":0},"end":{"line":113,"column":5}},"115":{"start":{"line":116,"column":0},"end":{"line":116,"column":23}},"116":{"start":{"line":117,"column":0},"end":{"line":117,"column":29}},"117":{"start":{"line":118,"column":0},"end":{"line":118,"column":48}},"118":{"start":{"line":119,"column":0},"end":{"line":119,"column":5}},"120":{"start":{"line":121,"column":0},"end":{"line":121,"column":25}},"121":{"start":{"line":122,"column":0},"end":{"line":122,"column":46}},"122":{"start":{"line":123,"column":0},"end":{"line":123,"column":27}},"123":{"start":{"line":124,"column":0},"end":{"line":124,"column":29}},"124":{"start":{"line":125,"column":0},"end":{"line":125,"column":44}},"125":{"start":{"line":126,"column":0},"end":{"line":126,"column":6}},"127":{"start":{"line":128,"column":0},"end":{"line":128,"column":24}},"129":{"start":{"line":130,"column":0},"end":{"line":130,"column":29}},"131":{"start":{"line":132,"column":0},"end":{"line":132,"column":56}},"132":{"start":{"line":133,"column":0},"end":{"line":133,"column":41}},"134":{"start":{"line":135,"column":0},"end":{"line":135,"column":31}},"135":{"start":{"line":136,"column":0},"end":{"line":136,"column":51}},"136":{"start":{"line":137,"column":0},"end":{"line":137,"column":7}},"137":{"start":{"line":138,"column":0},"end":{"line":138,"column":3}},"139":{"start":{"line":140,"column":0},"end":{"line":140,"column":10}},"140":{"start":{"line":141,"column":0},"end":{"line":141,"column":33}},"141":{"start":{"line":142,"column":0},"end":{"line":142,"column":20}},"142":{"start":{"line":143,"column":0},"end":{"line":143,"column":29}},"143":{"start":{"line":144,"column":0},"end":{"line":144,"column":65}},"144":{"start":{"line":145,"column":0},"end":{"line":145,"column":12}},"145":{"start":{"line":146,"column":0},"end":{"line":146,"column":31}},"146":{"start":{"line":147,"column":0},"end":{"line":147,"column":25}},"147":{"start":{"line":148,"column":0},"end":{"line":148,"column":31}},"148":{"start":{"line":149,"column":0},"end":{"line":149,"column":21}},"149":{"start":{"line":150,"column":0},"end":{"line":150,"column":8}},"150":{"start":{"line":151,"column":0},"end":{"line":151,"column":64}},"152":{"start":{"line":153,"column":0},"end":{"line":153,"column":15}},"153":{"start":{"line":154,"column":0},"end":{"line":154,"column":53}},"154":{"start":{"line":155,"column":0},"end":{"line":155,"column":14}},"156":{"start":{"line":157,"column":0},"end":{"line":157,"column":1}},"158":{"start":{"line":159,"column":0},"end":{"line":159,"column":23}}},"s":{"0":1,"1":1,"2":1,"4":1,"5":1,"6":1,"7":1,"8":1,"10":35,"11":35,"12":35,"13":35,"14":35,"15":35,"16":35,"17":35,"18":35,"19":35,"21":35,"22":12,"23":12,"25":12,"26":12,"27":12,"28":12,"29":12,"31":35,"32":8,"33":8,"35":8,"36":8,"37":8,"38":30,"39":8,"40":8,"41":8,"42":8,"44":35,"45":8,"47":8,"48":8,"50":35,"51":0,"53":0,"54":0,"56":35,"57":2,"59":2,"61":2,"62":2,"64":35,"65":2,"66":2,"68":2,"70":1,"71":2,"73":35,"74":1,"75":1,"76":1,"77":1,"78":1,"79":1,"80":1,"81":1,"82":1,"83":1,"84":1,"86":1,"87":1,"89":35,"90":3,"91":3,"93":35,"94":1,"95":1,"97":1,"98":1,"99":1,"101":35,"102":4,"104":4,"105":1,"106":4,"107":1,"108":3,"109":0,"110":2,"111":1,"112":1,"115":4,"116":3,"117":3,"118":3,"120":1,"121":1,"122":1,"123":1,"124":1,"125":1,"127":1,"129":1,"131":1,"132":1,"134":1,"135":1,"136":1,"137":4,"139":35,"140":35,"141":35,"142":35,"143":35,"144":35,"145":35,"146":35,"147":35,"148":35,"149":35,"150":35,"152":35,"153":35,"154":35,"156":35,"158":1},"branchMap":{"0":{"type":"branch","line":11,"loc":{"start":{"line":11,"column":0},"end":{"line":157,"column":1}},"locations":[{"start":{"line":11,"column":0},"end":{"line":157,"column":1}}]},"1":{"type":"branch","line":154,"loc":{"start":{"line":154,"column":7},"end":{"line":154,"column":50}},"locations":[{"start":{"line":154,"column":7},"end":{"line":154,"column":50}}]},"2":{"type":"branch","line":154,"loc":{"start":{"line":154,"column":45},"end":{"line":154,"column":53}},"locations":[{"start":{"line":154,"column":45},"end":{"line":154,"column":53}}]},"3":{"type":"branch","line":22,"loc":{"start":{"line":22,"column":2},"end":{"line":30,"column":3}},"locations":[{"start":{"line":22,"column":2},"end":{"line":30,"column":3}}]},"4":{"type":"branch","line":26,"loc":{"start":{"line":26,"column":15},"end":{"line":29,"column":6}},"locations":[{"start":{"line":26,"column":15},"end":{"line":29,"column":6}}]},"5":{"type":"branch","line":32,"loc":{"start":{"line":32,"column":2},"end":{"line":43,"column":3}},"locations":[{"start":{"line":32,"column":2},"end":{"line":43,"column":3}}]},"6":{"type":"branch","line":36,"loc":{"start":{"line":36,"column":25},"end":{"line":36,"column":50}},"locations":[{"start":{"line":36,"column":25},"end":{"line":36,"column":50}}]},"7":{"type":"branch","line":37,"loc":{"start":{"line":37,"column":15},"end":{"line":40,"column":9}},"locations":[{"start":{"line":37,"column":15},"end":{"line":40,"column":9}}]},"8":{"type":"branch","line":38,"loc":{"start":{"line":38,"column":22},"end":{"line":39,"column":60}},"locations":[{"start":{"line":38,"column":22},"end":{"line":39,"column":60}}]},"9":{"type":"branch","line":39,"loc":{"start":{"line":39,"column":22},"end":{"line":39,"column":56}},"locations":[{"start":{"line":39,"column":22},"end":{"line":39,"column":56}}]},"10":{"type":"branch","line":39,"loc":{"start":{"line":39,"column":52},"end":{"line":39,"column":60}},"locations":[{"start":{"line":39,"column":52},"end":{"line":39,"column":60}}]},"11":{"type":"branch","line":45,"loc":{"start":{"line":45,"column":2},"end":{"line":49,"column":3}},"locations":[{"start":{"line":45,"column":2},"end":{"line":49,"column":3}}]},"12":{"type":"branch","line":57,"loc":{"start":{"line":57,"column":2},"end":{"line":63,"column":3}},"locations":[{"start":{"line":57,"column":2},"end":{"line":63,"column":3}}]},"13":{"type":"branch","line":60,"loc":{"start":{"line":60,"column":14},"end":{"line":60,"column":74}},"locations":[{"start":{"line":60,"column":14},"end":{"line":60,"column":74}}]},"14":{"type":"branch","line":60,"loc":{"start":{"line":60,"column":48},"end":{"line":60,"column":74}},"locations":[{"start":{"line":60,"column":48},"end":{"line":60,"column":74}}]},"15":{"type":"branch","line":65,"loc":{"start":{"line":65,"column":2},"end":{"line":72,"column":3}},"locations":[{"start":{"line":65,"column":2},"end":{"line":72,"column":3}}]},"16":{"type":"branch","line":69,"loc":{"start":{"line":69,"column":44},"end":{"line":71,"column":17}},"locations":[{"start":{"line":69,"column":44},"end":{"line":71,"column":17}}]},"17":{"type":"branch","line":74,"loc":{"start":{"line":74,"column":2},"end":{"line":88,"column":3}},"locations":[{"start":{"line":74,"column":2},"end":{"line":88,"column":3}}]},"18":{"type":"branch","line":90,"loc":{"start":{"line":90,"column":2},"end":{"line":92,"column":3}},"locations":[{"start":{"line":90,"column":2},"end":{"line":92,"column":3}}]},"19":{"type":"branch","line":94,"loc":{"start":{"line":94,"column":2},"end":{"line":100,"column":3}},"locations":[{"start":{"line":94,"column":2},"end":{"line":100,"column":3}}]},"20":{"type":"branch","line":95,"loc":{"start":{"line":95,"column":23},"end":{"line":99,"column":5}},"locations":[{"start":{"line":95,"column":23},"end":{"line":99,"column":5}}]},"21":{"type":"branch","line":102,"loc":{"start":{"line":102,"column":2},"end":{"line":138,"column":3}},"locations":[{"start":{"line":102,"column":2},"end":{"line":138,"column":3}}]},"22":{"type":"branch","line":105,"loc":{"start":{"line":105,"column":17},"end":{"line":105,"column":43}},"locations":[{"start":{"line":105,"column":17},"end":{"line":105,"column":43}}]},"23":{"type":"branch","line":105,"loc":{"start":{"line":105,"column":34},"end":{"line":105,"column":60}},"locations":[{"start":{"line":105,"column":34},"end":{"line":105,"column":60}}]},"24":{"type":"branch","line":105,"loc":{"start":{"line":105,"column":52},"end":{"line":105,"column":77}},"locations":[{"start":{"line":105,"column":52},"end":{"line":105,"column":77}}]},"25":{"type":"branch","line":105,"loc":{"start":{"line":105,"column":77},"end":{"line":107,"column":15}},"locations":[{"start":{"line":105,"column":77},"end":{"line":107,"column":15}}]},"26":{"type":"branch","line":107,"loc":{"start":{"line":107,"column":4},"end":{"line":113,"column":5}},"locations":[{"start":{"line":107,"column":4},"end":{"line":113,"column":5}}]},"27":{"type":"branch","line":107,"loc":{"start":{"line":107,"column":41},"end":{"line":109,"column":15}},"locations":[{"start":{"line":107,"column":41},"end":{"line":109,"column":15}}]},"28":{"type":"branch","line":109,"loc":{"start":{"line":109,"column":4},"end":{"line":113,"column":5}},"locations":[{"start":{"line":109,"column":4},"end":{"line":113,"column":5}}]},"29":{"type":"branch","line":109,"loc":{"start":{"line":109,"column":37},"end":{"line":111,"column":15}},"locations":[{"start":{"line":109,"column":37},"end":{"line":111,"column":15}}]},"30":{"type":"branch","line":111,"loc":{"start":{"line":111,"column":40},"end":{"line":113,"column":5}},"locations":[{"start":{"line":111,"column":40},"end":{"line":113,"column":5}}]},"31":{"type":"branch","line":116,"loc":{"start":{"line":116,"column":22},"end":{"line":119,"column":5}},"locations":[{"start":{"line":116,"column":22},"end":{"line":119,"column":5}}]},"32":{"type":"branch","line":119,"loc":{"start":{"line":119,"column":4},"end":{"line":137,"column":7}},"locations":[{"start":{"line":119,"column":4},"end":{"line":137,"column":7}}]},"33":{"type":"branch","line":125,"loc":{"start":{"line":125,"column":23},"end":{"line":125,"column":42}},"locations":[{"start":{"line":125,"column":23},"end":{"line":125,"column":42}}]}},"b":{"0":[35],"1":[3],"2":[32],"3":[12],"4":[12],"5":[8],"6":[0],"7":[8],"8":[30],"9":[8],"10":[22],"11":[8],"12":[2],"13":[7],"14":[0],"15":[2],"16":[1],"17":[1],"18":[3],"19":[1],"20":[1],"21":[4],"22":[3],"23":[3],"24":[3],"25":[1],"26":[3],"27":[1],"28":[2],"29":[0],"30":[1],"31":[3],"32":[1],"33":[2]},"fnMap":{"0":{"name":"Booking","decl":{"start":{"line":11,"column":0},"end":{"line":157,"column":1}},"loc":{"start":{"line":11,"column":0},"end":{"line":157,"column":1}},"line":11},"1":{"name":"updateBookingDetails","decl":{"start":{"line":22,"column":2},"end":{"line":30,"column":3}},"loc":{"start":{"line":22,"column":2},"end":{"line":30,"column":3}},"line":22},"2":{"name":"updateSize","decl":{"start":{"line":32,"column":2},"end":{"line":43,"column":3}},"loc":{"start":{"line":32,"column":2},"end":{"line":43,"column":3}},"line":32},"3":{"name":"addShoe","decl":{"start":{"line":45,"column":2},"end":{"line":49,"column":3}},"loc":{"start":{"line":45,"column":2},"end":{"line":49,"column":3}},"line":45},"4":{"name":"removeShoe","decl":{"start":{"line":51,"column":2},"end":{"line":55,"column":3}},"loc":{"start":{"line":51,"column":2},"end":{"line":55,"column":3}},"line":51},"5":{"name":"isShoeSizesFilled","decl":{"start":{"line":57,"column":2},"end":{"line":63,"column":3}},"loc":{"start":{"line":57,"column":2},"end":{"line":63,"column":3}},"line":57},"6":{"name":"checkPlayersAndLanes","decl":{"start":{"line":65,"column":2},"end":{"line":72,"column":3}},"loc":{"start":{"line":65,"column":2},"end":{"line":72,"column":3}},"line":65},"7":{"name":"sendBooking","decl":{"start":{"line":74,"column":2},"end":{"line":88,"column":3}},"loc":{"start":{"line":74,"column":2},"end":{"line":88,"column":3}},"line":74},"8":{"name":"comparePeopleAndShoes","decl":{"start":{"line":90,"column":2},"end":{"line":92,"column":3}},"loc":{"start":{"line":90,"column":2},"end":{"line":92,"column":3}},"line":90},"9":{"name":"saveConfirmation","decl":{"start":{"line":94,"column":2},"end":{"line":100,"column":3}},"loc":{"start":{"line":94,"column":2},"end":{"line":100,"column":3}},"line":94},"10":{"name":"book","decl":{"start":{"line":102,"column":2},"end":{"line":138,"column":3}},"loc":{"start":{"line":102,"column":2},"end":{"line":138,"column":3}},"line":102}},"f":{"0":35,"1":12,"2":8,"3":8,"4":0,"5":2,"6":2,"7":1,"8":3,"9":1,"10":4}}
,"/Users/macbookairm1/Documents/github/strajk-bowling/src/views/Confirmation.jsx": {"path":"/Users/macbookairm1/Documents/github/strajk-bowling/src/views/Confirmation.jsx","all":false,"statementMap":{"0":{"start":{"line":1,"column":0},"end":{"line":1,"column":29}},"1":{"start":{"line":2,"column":0},"end":{"line":2,"column":47}},"3":{"start":{"line":4,"column":0},"end":{"line":4,"column":40}},"4":{"start":{"line":5,"column":0},"end":{"line":5,"column":61}},"5":{"start":{"line":6,"column":0},"end":{"line":6,"column":46}},"7":{"start":{"line":8,"column":0},"end":{"line":8,"column":25}},"8":{"start":{"line":9,"column":0},"end":{"line":9,"column":34}},"10":{"start":{"line":11,"column":0},"end":{"line":11,"column":22}},"11":{"start":{"line":12,"column":0},"end":{"line":12,"column":33}},"12":{"start":{"line":13,"column":0},"end":{"line":13,"column":55}},"14":{"start":{"line":15,"column":0},"end":{"line":15,"column":10}},"15":{"start":{"line":16,"column":0},"end":{"line":16,"column":38}},"16":{"start":{"line":17,"column":0},"end":{"line":17,"column":20}},"17":{"start":{"line":18,"column":0},"end":{"line":18,"column":35}},"18":{"start":{"line":19,"column":0},"end":{"line":19,"column":32}},"19":{"start":{"line":20,"column":0},"end":{"line":20,"column":48}},"20":{"start":{"line":21,"column":0},"end":{"line":21,"column":16}},"21":{"start":{"line":22,"column":0},"end":{"line":22,"column":24}},"22":{"start":{"line":23,"column":0},"end":{"line":23,"column":23}},"23":{"start":{"line":24,"column":0},"end":{"line":24,"column":23}},"24":{"start":{"line":25,"column":0},"end":{"line":25,"column":45}},"25":{"start":{"line":26,"column":0},"end":{"line":26,"column":62}},"26":{"start":{"line":27,"column":0},"end":{"line":27,"column":31}},"27":{"start":{"line":28,"column":0},"end":{"line":28,"column":12}},"29":{"start":{"line":30,"column":0},"end":{"line":30,"column":16}},"30":{"start":{"line":31,"column":0},"end":{"line":31,"column":23}},"31":{"start":{"line":32,"column":0},"end":{"line":32,"column":23}},"32":{"start":{"line":33,"column":0},"end":{"line":33,"column":22}},"33":{"start":{"line":34,"column":0},"end":{"line":34,"column":45}},"34":{"start":{"line":35,"column":0},"end":{"line":35,"column":46}},"35":{"start":{"line":36,"column":0},"end":{"line":36,"column":31}},"36":{"start":{"line":37,"column":0},"end":{"line":37,"column":12}},"38":{"start":{"line":39,"column":0},"end":{"line":39,"column":16}},"39":{"start":{"line":40,"column":0},"end":{"line":40,"column":25}},"40":{"start":{"line":41,"column":0},"end":{"line":41,"column":23}},"41":{"start":{"line":42,"column":0},"end":{"line":42,"column":24}},"42":{"start":{"line":43,"column":0},"end":{"line":43,"column":45}},"43":{"start":{"line":44,"column":0},"end":{"line":44,"column":45}},"44":{"start":{"line":45,"column":0},"end":{"line":45,"column":31}},"45":{"start":{"line":46,"column":0},"end":{"line":46,"column":12}},"47":{"start":{"line":48,"column":0},"end":{"line":48,"column":16}},"48":{"start":{"line":49,"column":0},"end":{"line":49,"column":34}},"49":{"start":{"line":50,"column":0},"end":{"line":50,"column":23}},"50":{"start":{"line":51,"column":0},"end":{"line":51,"column":32}},"51":{"start":{"line":52,"column":0},"end":{"line":52,"column":45}},"52":{"start":{"line":53,"column":0},"end":{"line":53,"column":42}},"53":{"start":{"line":54,"column":0},"end":{"line":54,"column":31}},"54":{"start":{"line":55,"column":0},"end":{"line":55,"column":12}},"56":{"start":{"line":57,"column":0},"end":{"line":57,"column":51}},"57":{"start":{"line":58,"column":0},"end":{"line":58,"column":25}},"58":{"start":{"line":59,"column":0},"end":{"line":59,"column":43}},"59":{"start":{"line":60,"column":0},"end":{"line":60,"column":20}},"60":{"start":{"line":61,"column":0},"end":{"line":61,"column":58}},"62":{"start":{"line":63,"column":0},"end":{"line":63,"column":19}},"63":{"start":{"line":64,"column":0},"end":{"line":64,"column":15}},"65":{"start":{"line":66,"column":0},"end":{"line":66,"column":73}},"67":{"start":{"line":68,"column":0},"end":{"line":68,"column":14}},"69":{"start":{"line":70,"column":0},"end":{"line":70,"column":1}},"71":{"start":{"line":72,"column":0},"end":{"line":72,"column":28}}},"s":{"0":1,"1":1,"3":1,"4":1,"5":1,"7":3,"8":3,"10":3,"11":3,"12":2,"14":3,"15":3,"16":3,"17":3,"18":3,"19":2,"20":2,"21":2,"22":2,"23":2,"24":2,"25":2,"26":2,"27":2,"29":2,"30":2,"31":2,"32":2,"33":2,"34":2,"35":2,"36":2,"38":2,"39":2,"40":2,"41":2,"42":2,"43":2,"44":2,"45":2,"47":2,"48":2,"49":2,"50":2,"51":2,"52":2,"53":2,"54":2,"56":2,"57":2,"58":2,"59":2,"60":2,"62":2,"63":2,"65":1,"67":3,"69":3,"71":1},"branchMap":{"0":{"type":"branch","line":8,"loc":{"start":{"line":8,"column":0},"end":{"line":70,"column":1}},"locations":[{"start":{"line":8,"column":0},"end":{"line":70,"column":1}}]},"1":{"type":"branch","line":12,"loc":{"start":{"line":12,"column":4},"end":{"line":12,"column":33}},"locations":[{"start":{"line":12,"column":4},"end":{"line":12,"column":33}}]},"2":{"type":"branch","line":12,"loc":{"start":{"line":12,"column":11},"end":{"line":13,"column":55}},"locations":[{"start":{"line":12,"column":11},"end":{"line":13,"column":55}}]},"3":{"type":"branch","line":19,"loc":{"start":{"line":19,"column":7},"end":{"line":19,"column":32}},"locations":[{"start":{"line":19,"column":7},"end":{"line":19,"column":32}}]},"4":{"type":"branch","line":19,"loc":{"start":{"line":19,"column":16},"end":{"line":64,"column":15}},"locations":[{"start":{"line":19,"column":16},"end":{"line":64,"column":15}}]},"5":{"type":"branch","line":64,"loc":{"start":{"line":64,"column":8},"end":{"line":66,"column":73}},"locations":[{"start":{"line":64,"column":8},"end":{"line":66,"column":73}}]}},"b":{"0":[3],"1":[1],"2":[2],"3":[2],"4":[2],"5":[1]},"fnMap":{"0":{"name":"Confirmation","decl":{"start":{"line":8,"column":0},"end":{"line":70,"column":1}},"loc":{"start":{"line":8,"column":0},"end":{"line":70,"column":1}},"line":8}},"f":{"0":3}}
}
