{"total": {"lines":{"total":577,"covered":573,"skipped":0,"pct":99.3},"statements":{"total":577,"covered":573,"skipped":0,"pct":99.3},"functions":{"total":23,"covered":22,"skipped":0,"pct":95.65},"branches":{"total":91,"covered":88,"skipped":0,"pct":96.7},"branchesTrue":{"total":0,"covered":0,"skipped":0,"pct":100}}
,"/Users/macbookairm1/Documents/github/strajk-bowling/src/components/BookingInfo/BookingInfo.jsx": {"lines":{"total":44,"covered":44,"skipped":0,"pct":100},"functions":{"total":1,"covered":1,"skipped":0,"pct":100},"statements":{"total":44,"covered":44,"skipped":0,"pct":100},"branches":{"total":1,"covered":1,"skipped":0,"pct":100}}
,"/Users/macbookairm1/Documents/github/strajk-bowling/src/components/ErrorMessage/ErrorMessage.jsx": {"lines":{"total":8,"covered":8,"skipped":0,"pct":100},"functions":{"total":1,"covered":1,"skipped":0,"pct":100},"statements":{"total":8,"covered":8,"skipped":0,"pct":100},"branches":{"total":1,"covered":1,"skipped":0,"pct":100}}
,"/Users/macbookairm1/Documents/github/strajk-bowling/src/components/Input/Input.jsx": {"lines":{"total":27,"covered":27,"skipped":0,"pct":100},"functions":{"total":1,"covered":1,"skipped":0,"pct":100},"statements":{"total":27,"covered":27,"skipped":0,"pct":100},"branches":{"total":5,"covered":5,"skipped":0,"pct":100}}
,"/Users/macbookairm1/Documents/github/strajk-bowling/src/components/Navigation/Navigation.jsx": {"lines":{"total":18,"covered":18,"skipped":0,"pct":100},"functions":{"total":4,"covered":4,"skipped":0,"pct":100},"statements":{"total":18,"covered":18,"skipped":0,"pct":100},"branches":{"total":10,"covered":10,"skipped":0,"pct":100}}
,"/Users/macbookairm1/Documents/github/strajk-bowling/src/components/Shoes/Shoes.jsx": {"lines":{"total":42,"covered":42,"skipped":0,"pct":100},"functions":{"total":3,"covered":3,"skipped":0,"pct":100},"statements":{"total":42,"covered":42,"skipped":0,"pct":100},"branches":{"total":4,"covered":4,"skipped":0,"pct":100}}
,"/Users/macbookairm1/Documents/github/strajk-bowling/src/components/Top/Top.jsx": {"lines":{"total":10,"covered":10,"skipped":0,"pct":100},"functions":{"total":1,"covered":1,"skipped":0,"pct":100},"statements":{"total":10,"covered":10,"skipped":0,"pct":100},"branches":{"total":1,"covered":1,"skipped":0,"pct":100}}
,"/Users/macbookairm1/Documents/github/strajk-bowling/src/tests/Booking.test.jsx": {"lines":{"total":101,"covered":101,"skipped":0,"pct":100},"functions":{"total":0,"covered":0,"skipped":0,"pct":100},"statements":{"total":101,"covered":101,"skipped":0,"pct":100},"branches":{"total":11,"covered":11,"skipped":0,"pct":100}}
,"/Users/macbookairm1/Documents/github/strajk-bowling/src/tests/Confirmation.test.jsx": {"lines":{"total":56,"covered":56,"skipped":0,"pct":100},"functions":{"total":0,"covered":0,"skipped":0,"pct":100},"statements":{"total":56,"covered":56,"skipped":0,"pct":100},"branches":{"total":5,"covered":5,"skipped":0,"pct":100}}
,"/Users/macbookairm1/Documents/github/strajk-bowling/src/tests/Navigation.test.jsx": {"lines":{"total":40,"covered":40,"skipped":0,"pct":100},"functions":{"total":0,"covered":0,"skipped":0,"pct":100},"statements":{"total":40,"covered":40,"skipped":0,"pct":100},"branches":{"total":6,"covered":6,"skipped":0,"pct":100}}
,"/Users/macbookairm1/Documents/github/strajk-bowling/src/tests/Shoes.test.jsx": {"lines":{"total":47,"covered":47,"skipped":0,"pct":100},"functions":{"total":0,"covered":0,"skipped":0,"pct":100},"statements":{"total":47,"covered":47,"skipped":0,"pct":100},"branches":{"total":7,"covered":7,"skipped":0,"pct":100}}
,"/Users/macbookairm1/Documents/github/strajk-bowling/src/views/Booking.jsx": {"lines":{"total":125,"covered":121,"skipped":0,"pct":96.8},"functions":{"total":11,"covered":10,"skipped":0,"pct":90.9},"statements":{"total":125,"covered":121,"skipped":0,"pct":96.8},"branches":{"total":34,"covered":31,"skipped":0,"pct":91.17}}
,"/Users/macbookairm1/Documents/github/strajk-bowling/src/views/Confirmation.jsx": {"lines":{"total":59,"covered":59,"skipped":0,"pct":100},"functions":{"total":1,"covered":1,"skipped":0,"pct":100},"statements":{"total":59,"covered":59,"skipped":0,"pct":100},"branches":{"total":6,"covered":6,"skipped":0,"pct":100}}
}
