TN:
SF:src/components/BookingInfo/BookingInfo.jsx
FN:5,BookingInfo
FNF:1
FNH:1
FNDA:35,BookingInfo
DA:1,1
DA:3,1
DA:5,35
DA:6,35
DA:7,35
DA:8,35
DA:9,35
DA:10,35
DA:11,35
DA:12,35
DA:13,35
DA:14,35
DA:15,35
DA:16,35
DA:17,35
DA:18,35
DA:19,35
DA:20,35
DA:21,35
DA:22,35
DA:23,35
DA:24,35
DA:25,35
DA:26,35
DA:27,35
DA:28,35
DA:29,35
DA:30,35
DA:31,35
DA:32,35
DA:33,35
DA:34,35
DA:35,35
DA:36,35
DA:37,35
DA:38,35
DA:39,35
DA:40,35
DA:41,35
DA:42,35
DA:43,35
DA:44,35
DA:46,35
DA:48,1
LF:44
LH:44
BRDA:5,0,0,35
BRF:1
BRH:1
end_of_record
TN:
SF:src/components/ErrorMessage/ErrorMessage.jsx
FN:3,ErrorMessage
FNF:1
FNH:1
FNDA:3,ErrorMessage
DA:1,1
DA:3,3
DA:4,3
DA:5,3
DA:6,3
DA:7,3
DA:9,3
DA:11,1
LF:8
LH:8
BRDA:3,0,0,3
BRF:1
BRH:1
end_of_record
TN:
SF:src/components/Input/Input.jsx
FN:4,Input
FNF:1
FNH:1
FNDA:206,Input
DA:1,1
DA:4,206
DA:5,206
DA:6,206
DA:7,206
DA:8,206
DA:9,206
DA:10,206
DA:11,206
DA:12,206
DA:13,206
DA:14,206
DA:15,206
DA:16,206
DA:17,206
DA:18,206
DA:19,206
DA:20,206
DA:21,206
DA:22,206
DA:23,206
DA:24,206
DA:25,206
DA:26,206
DA:27,206
DA:29,206
DA:32,1
LF:27
LH:27
BRDA:4,0,0,206
BRDA:20,1,0,171
BRDA:20,2,0,35
BRDA:23,3,0,8
BRDA:23,4,0,198
BRF:5
BRH:5
end_of_record
TN:
SF:src/components/Navigation/Navigation.jsx
FN:6,Navigation
FN:13,onClick
FN:15,onClick
FN:17,onClick
FNF:4
FNH:4
FNDA:45,Navigation
FNDA:3,onClick
FNDA:1,onClick
FNDA:1,onClick
DA:1,1
DA:2,1
DA:3,1
DA:4,1
DA:6,45
DA:7,45
DA:8,45
DA:10,45
DA:11,45
DA:12,45
DA:13,45
DA:14,45
DA:15,45
DA:16,45
DA:17,45
DA:18,45
DA:20,45
DA:22,1
LF:18
LH:18
BRDA:6,0,0,45
BRDA:11,1,0,3
BRDA:11,2,0,42
BRDA:14,3,0,3
BRDA:14,4,0,42
BRDA:16,5,0,3
BRDA:16,6,0,42
BRDA:13,7,0,3
BRDA:15,8,0,1
BRDA:17,9,0,1
BRF:10
BRH:10
end_of_record
TN:
SF:src/components/Shoes/Shoes.jsx
FN:8,Shoes
FN:23,onClick
FN:45,onClick
FNF:3
FNH:3
FNDA:40,Shoes
FNDA:1,onClick
FNDA:9,onClick
DA:1,1
DA:2,1
DA:5,1
DA:8,40
DA:9,40
DA:10,58
DA:11,58
DA:12,58
DA:13,58
DA:14,58
DA:15,58
DA:16,58
DA:17,58
DA:18,58
DA:19,58
DA:20,58
DA:21,58
DA:22,58
DA:23,58
DA:24,1
DA:25,1
DA:26,58
DA:28,58
DA:29,58
DA:33,58
DA:34,40
DA:37,40
DA:38,40
DA:39,40
DA:40,40
DA:41,40
DA:42,40
DA:43,40
DA:44,40
DA:45,40
DA:46,9
DA:47,9
DA:48,40
DA:50,40
DA:51,40
DA:53,40
DA:56,1
LF:42
LH:42
BRDA:8,0,0,40
BRDA:9,1,0,58
BRDA:23,2,0,1
BRDA:45,3,0,9
BRF:4
BRH:4
end_of_record
TN:
SF:src/components/Top/Top.jsx
FN:4,Top
FNF:1
FNH:1
FNDA:38,Top
DA:1,1
DA:2,1
DA:4,38
DA:5,38
DA:6,38
DA:7,38
DA:8,38
DA:9,38
DA:11,38
DA:13,1
LF:10
LH:10
BRDA:4,0,0,38
BRF:1
BRH:1
end_of_record
TN:
SF:src/tests/Booking.test.jsx
FNF:0
FNH:0
DA:1,1
DA:20,1
DA:21,1
DA:24,1
DA:25,1
DA:26,1
DA:27,1
DA:29,1
DA:30,1
DA:31,1
DA:32,1
DA:33,1
DA:34,1
DA:36,1
DA:37,1
DA:39,1
DA:40,1
DA:41,1
DA:42,1
DA:44,1
DA:45,1
DA:46,1
DA:47,1
DA:48,1
DA:49,1
DA:52,1
DA:53,1
DA:56,1
DA:57,1
DA:60,1
DA:61,1
DA:64,1
DA:65,1
DA:68,1
DA:69,1
DA:70,1
DA:73,1
DA:75,1
DA:76,1
DA:77,1
DA:80,1
DA:81,1
DA:84,1
DA:85,2
DA:86,2
DA:87,1
DA:88,1
DA:90,1
DA:91,1
DA:92,1
DA:93,1
DA:94,1
DA:95,1
DA:97,1
DA:98,1
DA:100,1
DA:101,1
DA:103,1
DA:104,1
DA:106,1
DA:107,1
DA:110,1
DA:111,1
DA:114,1
DA:115,1
DA:117,1
DA:118,1
DA:120,1
DA:121,1
DA:122,1
DA:123,1
DA:125,1
DA:126,1
DA:127,1
DA:128,1
DA:129,1
DA:130,1
DA:132,1
DA:133,1
DA:135,1
DA:136,1
DA:139,1
DA:140,1
DA:142,1
DA:143,1
DA:146,1
DA:147,1
DA:148,5
DA:149,5
DA:151,1
DA:152,1
DA:153,1
DA:154,5
DA:155,1
DA:157,1
DA:158,1
DA:160,1
DA:161,1
DA:162,1
DA:163,1
DA:164,1
LF:101
LH:101
BRDA:24,0,0,1
BRDA:25,1,0,1
BRDA:26,2,0,4
BRDA:27,3,0,1
BRDA:29,4,0,1
BRDA:44,5,0,1
BRDA:84,6,0,2
BRDA:90,7,0,1
BRDA:125,8,0,1
BRDA:147,9,0,5
BRDA:153,10,0,5
BRF:11
BRH:11
end_of_record
TN:
SF:src/tests/Confirmation.test.jsx
FNF:0
FNH:0
DA:1,1
DA:18,1
DA:19,1
DA:20,3
DA:21,3
DA:22,1
DA:24,1
DA:25,1
DA:26,1
DA:27,1
DA:28,1
DA:29,1
DA:30,1
DA:31,1
DA:33,1
DA:35,1
DA:36,1
DA:37,1
DA:38,1
DA:39,1
DA:41,1
DA:42,1
DA:43,1
DA:44,1
DA:45,1
DA:46,1
DA:47,1
DA:49,1
DA:50,1
DA:51,1
DA:52,1
DA:53,1
DA:54,1
DA:55,1
DA:56,1
DA:58,1
DA:60,1
DA:61,1
DA:62,1
DA:63,1
DA:64,1
DA:66,1
DA:67,1
DA:68,1
DA:69,1
DA:70,1
DA:71,1
DA:73,1
DA:74,1
DA:75,1
DA:76,1
DA:77,1
DA:78,1
DA:80,1
DA:81,1
DA:82,1
LF:56
LH:56
BRDA:18,0,0,1
BRDA:19,1,0,3
BRDA:24,2,0,1
BRDA:49,3,0,1
BRDA:73,4,0,1
BRF:5
BRH:5
end_of_record
TN:
SF:src/tests/Navigation.test.jsx
FNF:0
FNH:0
DA:1,1
DA:16,1
DA:17,1
DA:19,1
DA:20,4
DA:21,4
DA:22,1
DA:24,1
DA:25,1
DA:26,1
DA:27,1
DA:29,1
DA:30,1
DA:31,1
DA:33,1
DA:34,1
DA:35,1
DA:36,1
DA:38,1
DA:39,1
DA:41,1
DA:42,1
DA:43,1
DA:45,1
DA:46,1
DA:47,1
DA:48,1
DA:50,1
DA:51,1
DA:53,1
DA:54,1
DA:56,1
DA:57,1
DA:58,1
DA:59,1
DA:61,1
DA:62,1
DA:64,1
DA:65,1
DA:66,1
LF:40
LH:40
BRDA:16,0,0,1
BRDA:19,1,0,4
BRDA:24,2,0,1
BRDA:33,3,0,1
BRDA:45,4,0,1
BRDA:56,5,0,1
BRF:6
BRH:6
end_of_record
TN:
SF:src/tests/Shoes.test.jsx
FNF:0
FNH:0
DA:1,1
DA:2,1
DA:3,1
DA:4,1
DA:5,1
DA:7,1
DA:8,1
DA:9,1
DA:10,1
DA:12,1
DA:13,5
DA:14,5
DA:15,5
DA:16,1
DA:18,1
DA:19,1
DA:20,1
DA:21,1
DA:23,1
DA:24,1
DA:25,1
DA:26,1
DA:29,1
DA:30,1
DA:32,1
DA:33,1
DA:34,1
DA:37,1
DA:38,1
DA:39,1
DA:41,1
DA:42,1
DA:43,1
DA:45,1
DA:46,1
DA:49,1
DA:50,1
DA:52,1
DA:53,1
DA:54,1
DA:56,1
DA:57,1
DA:59,1
DA:60,1
DA:61,1
DA:62,1
DA:63,1
LF:47
LH:47
BRDA:7,0,0,1
BRDA:12,1,0,5
BRDA:18,2,0,1
BRDA:23,3,0,1
BRDA:32,4,0,1
BRDA:41,5,0,1
BRDA:52,6,0,1
BRF:7
BRH:7
end_of_record
TN:
SF:src/views/Booking.jsx
FN:11,Booking
FN:22,updateBookingDetails
FN:32,updateSize
FN:45,addShoe
FN:51,removeShoe
FN:57,isShoeSizesFilled
FN:65,checkPlayersAndLanes
FN:74,sendBooking
FN:90,comparePeopleAndShoes
FN:94,saveConfirmation
FN:102,book
FNF:11
FNH:10
FNDA:35,Booking
FNDA:12,updateBookingDetails
FNDA:8,updateSize
FNDA:8,addShoe
FNDA:0,removeShoe
FNDA:2,isShoeSizesFilled
FNDA:2,checkPlayersAndLanes
FNDA:1,sendBooking
FNDA:3,comparePeopleAndShoes
FNDA:1,saveConfirmation
FNDA:4,book
DA:1,1
DA:2,1
DA:3,1
DA:5,1
DA:6,1
DA:7,1
DA:8,1
DA:9,1
DA:11,35
DA:12,35
DA:13,35
DA:14,35
DA:15,35
DA:16,35
DA:17,35
DA:18,35
DA:19,35
DA:20,35
DA:22,35
DA:23,12
DA:24,12
DA:26,12
DA:27,12
DA:28,12
DA:29,12
DA:30,12
DA:32,35
DA:33,8
DA:34,8
DA:36,8
DA:37,8
DA:38,8
DA:39,30
DA:40,8
DA:41,8
DA:42,8
DA:43,8
DA:45,35
DA:46,8
DA:48,8
DA:49,8
DA:51,35
DA:52,0
DA:54,0
DA:55,0
DA:57,35
DA:58,2
DA:60,2
DA:62,2
DA:63,2
DA:65,35
DA:66,2
DA:67,2
DA:69,2
DA:71,1
DA:72,2
DA:74,35
DA:75,1
DA:76,1
DA:77,1
DA:78,1
DA:79,1
DA:80,1
DA:81,1
DA:82,1
DA:83,1
DA:84,1
DA:85,1
DA:87,1
DA:88,1
DA:90,35
DA:91,3
DA:92,3
DA:94,35
DA:95,1
DA:96,1
DA:98,1
DA:99,1
DA:100,1
DA:102,35
DA:103,4
DA:105,4
DA:106,1
DA:107,4
DA:108,1
DA:109,3
DA:110,0
DA:111,2
DA:112,1
DA:113,1
DA:116,4
DA:117,3
DA:118,3
DA:119,3
DA:121,1
DA:122,1
DA:123,1
DA:124,1
DA:125,1
DA:126,1
DA:128,1
DA:130,1
DA:132,1
DA:133,1
DA:135,1
DA:136,1
DA:137,1
DA:138,4
DA:140,35
DA:141,35
DA:142,35
DA:143,35
DA:144,35
DA:145,35
DA:146,35
DA:147,35
DA:148,35
DA:149,35
DA:150,35
DA:151,35
DA:153,35
DA:154,35
DA:155,35
DA:157,35
DA:159,1
LF:125
LH:121
BRDA:11,0,0,35
BRDA:154,1,0,3
BRDA:154,2,0,32
BRDA:22,3,0,12
BRDA:26,4,0,12
BRDA:32,5,0,8
BRDA:36,6,0,0
BRDA:37,7,0,8
BRDA:38,8,0,30
BRDA:39,9,0,8
BRDA:39,10,0,22
BRDA:45,11,0,8
BRDA:57,12,0,2
BRDA:60,13,0,7
BRDA:60,14,0,0
BRDA:65,15,0,2
BRDA:69,16,0,1
BRDA:74,17,0,1
BRDA:90,18,0,3
BRDA:94,19,0,1
BRDA:95,20,0,1
BRDA:102,21,0,4
BRDA:105,22,0,3
BRDA:105,23,0,3
BRDA:105,24,0,3
BRDA:105,25,0,1
BRDA:107,26,0,3
BRDA:107,27,0,1
BRDA:109,28,0,2
BRDA:109,29,0,0
BRDA:111,30,0,1
BRDA:116,31,0,3
BRDA:119,32,0,1
BRDA:125,33,0,2
BRF:34
BRH:31
end_of_record
TN:
SF:src/views/Confirmation.jsx
FN:8,Confirmation
FNF:1
FNH:1
FNDA:3,Confirmation
DA:1,1
DA:2,1
DA:4,1
DA:5,1
DA:6,1
DA:8,3
DA:9,3
DA:11,3
DA:12,3
DA:13,2
DA:15,3
DA:16,3
DA:17,3
DA:18,3
DA:19,3
DA:20,2
DA:21,2
DA:22,2
DA:23,2
DA:24,2
DA:25,2
DA:26,2
DA:27,2
DA:28,2
DA:30,2
DA:31,2
DA:32,2
DA:33,2
DA:34,2
DA:35,2
DA:36,2
DA:37,2
DA:39,2
DA:40,2
DA:41,2
DA:42,2
DA:43,2
DA:44,2
DA:45,2
DA:46,2
DA:48,2
DA:49,2
DA:50,2
DA:51,2
DA:52,2
DA:53,2
DA:54,2
DA:55,2
DA:57,2
DA:58,2
DA:59,2
DA:60,2
DA:61,2
DA:63,2
DA:64,2
DA:66,1
DA:68,3
DA:70,3
DA:72,1
LF:59
LH:59
BRDA:8,0,0,3
BRDA:12,1,0,1
BRDA:12,2,0,2
BRDA:19,3,0,2
BRDA:19,4,0,2
BRDA:64,5,0,1
BRF:6
BRH:6
end_of_record
